Run started:2026-01-02 08:27:28.269636+00:00

Test results:
>> Issue: [B404:blacklist] Consider possible security implications associated with the subprocess module.
   Severity: Low   Confidence: High
   CWE: CWE-78 (https://cwe.mitre.org/data/definitions/78.html)
   More Info: https://bandit.readthedocs.io/en/1.9.2/blacklists/blacklist_imports.html#b404-import-subprocess
   Location: lb_plugins/base_generator.py:10:0
9	import logging
10	import subprocess
11	import threading

--------------------------------------------------
>> Issue: [B603:subprocess_without_shell_equals_true] subprocess call - check for execution of untrusted input.
   Severity: Low   Confidence: High
   CWE: CWE-78 (https://cwe.mitre.org/data/definitions/78.html)
   More Info: https://bandit.readthedocs.io/en/1.9.2/plugins/b603_subprocess_without_shell_equals_true.html
   Location: lb_plugins/base_generator.py:261:28
260	            self._active_timeout = spec.timeout_seconds
261	            self._process = subprocess.Popen(cmd, **spec.popen_kwargs)
262	            stdout, stderr = self._consume_process_output(self._process)

--------------------------------------------------
>> Issue: [B110:try_except_pass] Try, Except, Pass detected.
   Severity: Low   Confidence: High
   CWE: CWE-703 (https://cwe.mitre.org/data/definitions/703.html)
   More Info: https://bandit.readthedocs.io/en/1.9.2/plugins/b110_try_except_pass.html
   Location: lb_plugins/discovery.py:36:8
35	            path.mkdir(parents=True, exist_ok=True)
36	        except Exception:
37	            # Directory creation may fail for read-only locations; caller handles.
38	            pass
39	        return path

--------------------------------------------------
>> Issue: [B110:try_except_pass] Try, Except, Pass detected.
   Severity: Low   Confidence: High
   CWE: CWE-703 (https://cwe.mitre.org/data/definitions/703.html)
   More Info: https://bandit.readthedocs.io/en/1.9.2/plugins/b110_try_except_pass.html
   Location: lb_plugins/discovery.py:44:4
43	        candidate.mkdir(parents=True, exist_ok=True)
44	    except Exception:
45	        pass
46	    return candidate

--------------------------------------------------
>> Issue: [B202:tarfile_unsafe_members] tarfile.extractall used without any validation. Please check and discard dangerous members.
   Severity: High   Confidence: High
   CWE: CWE-22 (https://cwe.mitre.org/data/definitions/22.html)
   More Info: https://bandit.readthedocs.io/en/1.9.2/plugins/b202_tarfile_unsafe_members.html
   Location: lb_plugins/installer.py:120:20
119	                with zipfile.ZipFile(archive_path, "r") as zip_ref:
120	                    zip_ref.extractall(tmp_path)
121	            else:

--------------------------------------------------
>> Issue: [B404:blacklist] Consider possible security implications associated with the subprocess module.
   Severity: Low   Confidence: High
   CWE: CWE-78 (https://cwe.mitre.org/data/definitions/78.html)
   More Info: https://bandit.readthedocs.io/en/1.9.2/blacklists/blacklist_imports.html#b404-import-subprocess
   Location: lb_plugins/installer.py:172:8
171	    def _install_from_git(self, url: str, force: bool) -> str:
172	        import subprocess
173	

--------------------------------------------------
>> Issue: [B603:subprocess_without_shell_equals_true] subprocess call - check for execution of untrusted input.
   Severity: Low   Confidence: High
   CWE: CWE-78 (https://cwe.mitre.org/data/definitions/78.html)
   More Info: https://bandit.readthedocs.io/en/1.9.2/plugins/b603_subprocess_without_shell_equals_true.html
   Location: lb_plugins/installer.py:180:12
179	                cmd.insert(2, "--depth=1")
180	            subprocess.run(cmd, check=True, capture_output=True)
181	            return self._install_directory(tmp_path, force)

--------------------------------------------------
>> Issue: [B404:blacklist] Consider possible security implications associated with the subprocess module.
   Severity: Low   Confidence: High
   CWE: CWE-78 (https://cwe.mitre.org/data/definitions/78.html)
   More Info: https://bandit.readthedocs.io/en/1.9.2/blacklists/blacklist_imports.html#b404-import-subprocess
   Location: lb_plugins/plugins/dd/plugin.py:9:0
8	import platform
9	import subprocess
10	from pathlib import Path

--------------------------------------------------
>> Issue: [B108:hardcoded_tmp_directory] Probable insecure usage of temp file/directory.
   Severity: Medium   Confidence: Medium
   CWE: CWE-377 (https://cwe.mitre.org/data/definitions/377.html)
   More Info: https://bandit.readthedocs.io/en/1.9.2/plugins/b108_hardcoded_tmp_directory.html
   Location: lb_plugins/plugins/dd/plugin.py:25:33
24	    if_path: str = Field(default="/dev/zero", description="Input file path")
25	    of_path: str = Field(default="/tmp/lb_dd_test", description="Output file path")
26	    bs: str = Field(default="1M", description="Block size for reads/writes (e.g., 1M, 4k)")

--------------------------------------------------
>> Issue: [B108:hardcoded_tmp_directory] Probable insecure usage of temp file/directory.
   Severity: Medium   Confidence: Medium
   CWE: CWE-377 (https://cwe.mitre.org/data/definitions/377.html)
   More Info: https://bandit.readthedocs.io/en/1.9.2/plugins/b108_hardcoded_tmp_directory.html
   Location: lb_plugins/plugins/dd/plugin.py:116:23
115	        output_path = Path(self.config.of_path).resolve()
116	        tmp_dir = Path("/tmp").resolve()
117	        if output_path.exists() and output_path.is_relative_to(tmp_dir):

--------------------------------------------------
>> Issue: [B607:start_process_with_partial_path] Starting a process with a partial executable path
   Severity: Low   Confidence: High
   CWE: CWE-78 (https://cwe.mitre.org/data/definitions/78.html)
   More Info: https://bandit.readthedocs.io/en/1.9.2/plugins/b607_start_process_with_partial_path.html
   Location: lb_plugins/plugins/dd/plugin.py:132:21
131	        try:
132	            result = subprocess.run(["which", "dd"], capture_output=True, text=True)
133	            if result.returncode != 0:

--------------------------------------------------
>> Issue: [B603:subprocess_without_shell_equals_true] subprocess call - check for execution of untrusted input.
   Severity: Low   Confidence: High
   CWE: CWE-78 (https://cwe.mitre.org/data/definitions/78.html)
   More Info: https://bandit.readthedocs.io/en/1.9.2/plugins/b603_subprocess_without_shell_equals_true.html
   Location: lb_plugins/plugins/dd/plugin.py:132:21
131	        try:
132	            result = subprocess.run(["which", "dd"], capture_output=True, text=True)
133	            if result.returncode != 0:

--------------------------------------------------
>> Issue: [B404:blacklist] Consider possible security implications associated with the subprocess module.
   Severity: Low   Confidence: High
   CWE: CWE-78 (https://cwe.mitre.org/data/definitions/78.html)
   More Info: https://bandit.readthedocs.io/en/1.9.2/blacklists/blacklist_imports.html#b404-import-subprocess
   Location: lb_plugins/plugins/dfaas/generator.py:11:0
10	import re
11	import subprocess
12	import time

--------------------------------------------------
>> Issue: [B324:hashlib] Use of weak SHA1 hash for security. Consider usedforsecurity=False
   Severity: High   Confidence: High
   CWE: CWE-327 (https://cwe.mitre.org/data/definitions/327.html)
   More Info: https://bandit.readthedocs.io/en/1.9.2/plugins/b324_hashlib.html
   Location: lb_plugins/plugins/dfaas/generator.py:144:11
143	    payload = "|".join(f"{name}:{rate}" for name, rate in zip(names, rates))
144	    return hashlib.sha1(payload.encode("utf-8")).hexdigest()[:12]
145	

--------------------------------------------------
>> Issue: [B607:start_process_with_partial_path] Starting a process with a partial executable path
   Severity: Low   Confidence: High
   CWE: CWE-78 (https://cwe.mitre.org/data/definitions/78.html)
   More Info: https://bandit.readthedocs.io/en/1.9.2/plugins/b607_start_process_with_partial_path.html
   Location: lb_plugins/plugins/dfaas/generator.py:221:15
220	        for tool in required:
221	            if subprocess.run(["which", tool], capture_output=True).returncode != 0:
222	                logger.error("Required tool missing: %s", tool)

--------------------------------------------------
>> Issue: [B603:subprocess_without_shell_equals_true] subprocess call - check for execution of untrusted input.
   Severity: Low   Confidence: High
   CWE: CWE-78 (https://cwe.mitre.org/data/definitions/78.html)
   More Info: https://bandit.readthedocs.io/en/1.9.2/plugins/b603_subprocess_without_shell_equals_true.html
   Location: lb_plugins/plugins/dfaas/generator.py:221:15
220	        for tool in required:
221	            if subprocess.run(["which", tool], capture_output=True).returncode != 0:
222	                logger.error("Required tool missing: %s", tool)

--------------------------------------------------
>> Issue: [B603:subprocess_without_shell_equals_true] subprocess call - check for execution of untrusted input.
   Severity: Low   Confidence: High
   CWE: CWE-78 (https://cwe.mitre.org/data/definitions/78.html)
   More Info: https://bandit.readthedocs.io/en/1.9.2/plugins/b603_subprocess_without_shell_equals_true.html
   Location: lb_plugins/plugins/dfaas/generator.py:673:21
672	        try:
673	            result = subprocess.run(
674	                cmd, capture_output=True, text=True, check=True
675	            )
676	        except subprocess.CalledProcessError as exc:

--------------------------------------------------
>> Issue: [B404:blacklist] Consider possible security implications associated with the subprocess module.
   Severity: Low   Confidence: High
   CWE: CWE-78 (https://cwe.mitre.org/data/definitions/78.html)
   More Info: https://bandit.readthedocs.io/en/1.9.2/blacklists/blacklist_imports.html#b404-import-subprocess
   Location: lb_plugins/plugins/dfaas/legacy_materials/samples_generator/find-pid.py:9:0
8	import json
9	import subprocess
10	import sys

--------------------------------------------------
>> Issue: [B603:subprocess_without_shell_equals_true] subprocess call - check for execution of untrusted input.
   Severity: Low   Confidence: High
   CWE: CWE-78 (https://cwe.mitre.org/data/definitions/78.html)
   More Info: https://bandit.readthedocs.io/en/1.9.2/plugins/b603_subprocess_without_shell_equals_true.html
   Location: lb_plugins/plugins/dfaas/legacy_materials/samples_generator/find-pid.py:20:13
19	    cmd = ["docker", "container", "ls", "--format", "{{.Names}},{{.Command}}"]
20	    result = subprocess.run(cmd, check=True, capture_output=True, text=True)
21	

--------------------------------------------------
>> Issue: [B603:subprocess_without_shell_equals_true] subprocess call - check for execution of untrusted input.
   Severity: Low   Confidence: High
   CWE: CWE-78 (https://cwe.mitre.org/data/definitions/78.html)
   More Info: https://bandit.readthedocs.io/en/1.9.2/plugins/b603_subprocess_without_shell_equals_true.html
   Location: lb_plugins/plugins/dfaas/legacy_materials/samples_generator/find-pid.py:47:13
46	    cmd = ["docker", "inspect", "-f", "{{.State.Pid}}", container_name]
47	    result = subprocess.run(cmd, check=True, capture_output=True, text=True)
48	    return int(result.stdout.strip())

--------------------------------------------------
>> Issue: [B404:blacklist] Consider possible security implications associated with the subprocess module.
   Severity: Low   Confidence: High
   CWE: CWE-78 (https://cwe.mitre.org/data/definitions/78.html)
   More Info: https://bandit.readthedocs.io/en/1.9.2/blacklists/blacklist_imports.html#b404-import-subprocess
   Location: lb_plugins/plugins/dfaas/legacy_materials/samples_generator/samples-generator-profiler.py:8:0
7	import sys
8	import subprocess
9	import csv

--------------------------------------------------
>> Issue: [B603:subprocess_without_shell_equals_true] subprocess call - check for execution of untrusted input.
   Severity: Low   Confidence: High
   CWE: CWE-78 (https://cwe.mitre.org/data/definitions/78.html)
   More Info: https://bandit.readthedocs.io/en/1.9.2/plugins/b603_subprocess_without_shell_equals_true.html
   Location: lb_plugins/plugins/dfaas/legacy_materials/samples_generator/samples-generator-profiler.py:39:8
38	    num_physical_cpus = int(
39	        subprocess.check_output(num_physical_cpus_cmd, text=True).strip()
40	    )

--------------------------------------------------
>> Issue: [B105:hardcoded_password_string] Possible hardcoded password: 'kubectl --context=midnode-minikube-context get secret -n openfaas basic-auth -o jsonpath="{.data.basic-auth-password}" | base64 --decode'
   Severity: Low   Confidence: Medium
   CWE: CWE-259 (https://cwe.mitre.org/data/definitions/259.html)
   More Info: https://bandit.readthedocs.io/en/1.9.2/plugins/b105_hardcoded_password_string.html
   Location: lb_plugins/plugins/dfaas/legacy_materials/samples_generator/samples-generator-profiler.py:56:23
55	        # Use kubectl to get the OpenFaaS basic-auth secret and decode the password from Base64
56	        password_cmd = 'kubectl --context=midnode-minikube-context get secret -n openfaas basic-auth -o jsonpath="{.data.basic-auth-password}" | base64 --decode'  # CONTEXT NEEDS TO BE BASED ON THE RECEIVING NODE, CHANGE ACCORDINGLY
57	        password = subprocess.check_output(password_cmd, shell=True, text=True).strip()

--------------------------------------------------
>> Issue: [B602:subprocess_popen_with_shell_equals_true] subprocess call with shell=True identified, security issue.
   Severity: High   Confidence: High
   CWE: CWE-78 (https://cwe.mitre.org/data/definitions/78.html)
   More Info: https://bandit.readthedocs.io/en/1.9.2/plugins/b602_subprocess_popen_with_shell_equals_true.html
   Location: lb_plugins/plugins/dfaas/legacy_materials/samples_generator/samples-generator-profiler.py:57:19
56	        password_cmd = 'kubectl --context=midnode-minikube-context get secret -n openfaas basic-auth -o jsonpath="{.data.basic-auth-password}" | base64 --decode'  # CONTEXT NEEDS TO BE BASED ON THE RECEIVING NODE, CHANGE ACCORDINGLY
57	        password = subprocess.check_output(password_cmd, shell=True, text=True).strip()
58	

--------------------------------------------------
>> Issue: [B602:subprocess_popen_with_shell_equals_true] subprocess call with shell=True identified, security issue.
   Severity: High   Confidence: High
   CWE: CWE-78 (https://cwe.mitre.org/data/definitions/78.html)
   More Info: https://bandit.readthedocs.io/en/1.9.2/plugins/b602_subprocess_popen_with_shell_equals_true.html
   Location: lb_plugins/plugins/dfaas/legacy_materials/samples_generator/samples-generator-profiler.py:62:8
61	        # Execute the constructed faas-cli login command
62	        subprocess.call(faas_login_cmd, shell=True)
63	

--------------------------------------------------
>> Issue: [B607:start_process_with_partial_path] Starting a process with a partial executable path
   Severity: Low   Confidence: High
   CWE: CWE-78 (https://cwe.mitre.org/data/definitions/78.html)
   More Info: https://bandit.readthedocs.io/en/1.9.2/plugins/b607_start_process_with_partial_path.html
   Location: lb_plugins/plugins/dfaas/legacy_materials/samples_generator/samples-generator-profiler.py:67:16
66	            if func.__contains__("/"):
67	                subprocess.call(
68	                    [
69	                        "faas-cli",
70	                        "remove",
71	                        func.split("/")[1],
72	                        "--gateway",
73	                        OPENFAAS_SERVICE_IP,
74	                    ],
75	                    shell=False,
76	                )
77	            else:

--------------------------------------------------
>> Issue: [B603:subprocess_without_shell_equals_true] subprocess call - check for execution of untrusted input.
   Severity: Low   Confidence: High
   CWE: CWE-78 (https://cwe.mitre.org/data/definitions/78.html)
   More Info: https://bandit.readthedocs.io/en/1.9.2/plugins/b603_subprocess_without_shell_equals_true.html
   Location: lb_plugins/plugins/dfaas/legacy_materials/samples_generator/samples-generator-profiler.py:75:16
74	                    ],
75	                    shell=False,
76	                )
77	            else:
78	                subprocess.call(
79	                    ["faas-cli", "remove", func, "--gateway", OPENFAAS_SERVICE_IP],
80	                    shell=False,
81	                )
82	
83	        # Wait until the functions are successfully removed.
84	        time.sleep(40)
85	

--------------------------------------------------
>> Issue: [B607:start_process_with_partial_path] Starting a process with a partial executable path
   Severity: Low   Confidence: High
   CWE: CWE-78 (https://cwe.mitre.org/data/definitions/78.html)
   More Info: https://bandit.readthedocs.io/en/1.9.2/plugins/b607_start_process_with_partial_path.html
   Location: lb_plugins/plugins/dfaas/legacy_materials/samples_generator/samples-generator-profiler.py:78:16
77	            else:
78	                subprocess.call(
79	                    ["faas-cli", "remove", func, "--gateway", OPENFAAS_SERVICE_IP],
80	                    shell=False,
81	                )
82	

--------------------------------------------------
>> Issue: [B603:subprocess_without_shell_equals_true] subprocess call - check for execution of untrusted input.
   Severity: Low   Confidence: High
   CWE: CWE-78 (https://cwe.mitre.org/data/definitions/78.html)
   More Info: https://bandit.readthedocs.io/en/1.9.2/plugins/b603_subprocess_without_shell_equals_true.html
   Location: lb_plugins/plugins/dfaas/legacy_materials/samples_generator/samples-generator-profiler.py:80:16
79	                    ["faas-cli", "remove", func, "--gateway", OPENFAAS_SERVICE_IP],
80	                    shell=False,
81	                )
82	
83	        # Wait until the functions are successfully removed.
84	        time.sleep(40)

--------------------------------------------------
>> Issue: [B603:subprocess_without_shell_equals_true] subprocess call - check for execution of untrusted input.
   Severity: Low   Confidence: High
   CWE: CWE-78 (https://cwe.mitre.org/data/definitions/78.html)
   More Info: https://bandit.readthedocs.io/en/1.9.2/plugins/b603_subprocess_without_shell_equals_true.html
   Location: lb_plugins/plugins/dfaas/legacy_materials/samples_generator/samples-generator-profiler.py:88:8
87	        subprocess.call(
88	            ["./deploy_functions.sh"] + [str(MAX_RATE)] + [function], shell=False
89	        )
90	        print("Functions deployed")
91	

--------------------------------------------------
>> Issue: [B602:subprocess_popen_with_shell_equals_true] subprocess call with shell=True identified, security issue.
   Severity: High   Confidence: High
   CWE: CWE-78 (https://cwe.mitre.org/data/definitions/78.html)
   More Info: https://bandit.readthedocs.io/en/1.9.2/plugins/b602_subprocess_popen_with_shell_equals_true.html
   Location: lb_plugins/plugins/dfaas/legacy_materials/samples_generator/samples-generator-profiler.py:182:20
181	                    # Execute vegeta attack
182	                    subprocess.run(attack_configs[0], shell=True).check_returncode()
183	

--------------------------------------------------
>> Issue: [B404:blacklist] Consider possible security implications associated with the subprocess module.
   Severity: Low   Confidence: High
   CWE: CWE-78 (https://cwe.mitre.org/data/definitions/78.html)
   More Info: https://bandit.readthedocs.io/en/1.9.2/blacklists/blacklist_imports.html#b404-import-subprocess
   Location: lb_plugins/plugins/dfaas/legacy_materials/samples_generator/samples-generator.py:10:0
9	import logging
10	import subprocess
11	import time

--------------------------------------------------
>> Issue: [B602:subprocess_popen_with_shell_equals_true] subprocess call with shell=True identified, security issue.
   Severity: High   Confidence: High
   CWE: CWE-78 (https://cwe.mitre.org/data/definitions/78.html)
   More Info: https://bandit.readthedocs.io/en/1.9.2/plugins/b602_subprocess_popen_with_shell_equals_true.html
   Location: lb_plugins/plugins/dfaas/legacy_materials/samples_generator/samples-generator.py:83:24
82	    openfaas_password = subprocess.check_output(
83	        openfaas_password_cmd, shell=True, text=True
84	    ).strip()
85	
86	    num_physical_cpus_cmd = [

--------------------------------------------------
>> Issue: [B603:subprocess_without_shell_equals_true] subprocess call - check for execution of untrusted input.
   Severity: Low   Confidence: High
   CWE: CWE-78 (https://cwe.mitre.org/data/definitions/78.html)
   More Info: https://bandit.readthedocs.io/en/1.9.2/plugins/b603_subprocess_without_shell_equals_true.html
   Location: lb_plugins/plugins/dfaas/legacy_materials/samples_generator/samples-generator.py:95:8
94	    num_physical_cpus = int(
95	        subprocess.check_output(num_physical_cpus_cmd, text=True).strip()
96	    )

--------------------------------------------------
>> Issue: [B603:subprocess_without_shell_equals_true] subprocess call - check for execution of untrusted input.
   Severity: Low   Confidence: High
   CWE: CWE-78 (https://cwe.mitre.org/data/definitions/78.html)
   More Info: https://bandit.readthedocs.io/en/1.9.2/plugins/b603_subprocess_without_shell_equals_true.html
   Location: lb_plugins/plugins/dfaas/legacy_materials/samples_generator/samples-generator.py:171:8
170	        logging.info(f"Running command: {openfaas_login_cmd}")
171	        subprocess.run(openfaas_login_cmd.split(), check=True)
172	

--------------------------------------------------
>> Issue: [B602:subprocess_popen_with_shell_equals_true] subprocess call with shell=True identified, security issue.
   Severity: High   Confidence: High
   CWE: CWE-78 (https://cwe.mitre.org/data/definitions/78.html)
   More Info: https://bandit.readthedocs.io/en/1.9.2/plugins/b602_subprocess_popen_with_shell_equals_true.html
   Location: lb_plugins/plugins/dfaas/legacy_materials/samples_generator/samples-generator.py:339:24
338	                    processes = [
339	                        subprocess.Popen(attack, shell=True)
340	                        for attack in attack_configs

--------------------------------------------------
>> Issue: [B404:blacklist] Consider possible security implications associated with the subprocess module.
   Severity: Low   Confidence: High
   CWE: CWE-78 (https://cwe.mitre.org/data/definitions/78.html)
   More Info: https://bandit.readthedocs.io/en/1.9.2/blacklists/blacklist_imports.html#b404-import-subprocess
   Location: lb_plugins/plugins/dfaas/legacy_materials/samples_generator/utils.py:13:0
12	import logging
13	import subprocess
14	import sys

--------------------------------------------------
>> Issue: [B607:start_process_with_partial_path] Starting a process with a partial executable path
   Severity: Low   Confidence: High
   CWE: CWE-78 (https://cwe.mitre.org/data/definitions/78.html)
   More Info: https://bandit.readthedocs.io/en/1.9.2/plugins/b607_start_process_with_partial_path.html
   Location: lb_plugins/plugins/dfaas/legacy_materials/samples_generator/utils.py:147:11
146	def retrieve_function_replicas():
147	    temp = subprocess.Popen(
148	        ["faas-cli", "list", "--tls-no-verify"], stdout=subprocess.PIPE
149	    )
150	    data = str(temp.communicate())

--------------------------------------------------
>> Issue: [B603:subprocess_without_shell_equals_true] subprocess call - check for execution of untrusted input.
   Severity: Low   Confidence: High
   CWE: CWE-78 (https://cwe.mitre.org/data/definitions/78.html)
   More Info: https://bandit.readthedocs.io/en/1.9.2/plugins/b603_subprocess_without_shell_equals_true.html
   Location: lb_plugins/plugins/dfaas/legacy_materials/samples_generator/utils.py:147:11
146	def retrieve_function_replicas():
147	    temp = subprocess.Popen(
148	        ["faas-cli", "list", "--tls-no-verify"], stdout=subprocess.PIPE
149	    )
150	    data = str(temp.communicate())

--------------------------------------------------
>> Issue: [B501:request_with_no_cert_validation] Call to requests with verify=False disabling SSL certificate checks, security issue.
   Severity: High   Confidence: High
   CWE: CWE-295 (https://cwe.mitre.org/data/definitions/295.html)
   More Info: https://bandit.readthedocs.io/en/1.9.2/plugins/b501_request_with_no_cert_validation.html
   Location: lb_plugins/plugins/dfaas/legacy_materials/samples_generator/utils.py:507:19
506	    while True:
507	        response = requests.get(url, query_params, verify=False)
508	        if response.json()["data"]["result"] == []:

--------------------------------------------------
>> Issue: [B113:request_without_timeout] Call to requests without timeout
   Severity: Medium   Confidence: Low
   CWE: CWE-400 (https://cwe.mitre.org/data/definitions/400.html)
   More Info: https://bandit.readthedocs.io/en/1.9.2/plugins/b113_request_without_timeout.html
   Location: lb_plugins/plugins/dfaas/legacy_materials/samples_generator/utils.py:507:19
506	    while True:
507	        response = requests.get(url, query_params, verify=False)
508	        if response.json()["data"]["result"] == []:

--------------------------------------------------
>> Issue: [B603:subprocess_without_shell_equals_true] subprocess call - check for execution of untrusted input.
   Severity: Low   Confidence: High
   CWE: CWE-78 (https://cwe.mitre.org/data/definitions/78.html)
   More Info: https://bandit.readthedocs.io/en/1.9.2/plugins/b603_subprocess_without_shell_equals_true.html
   Location: lb_plugins/plugins/dfaas/legacy_materials/samples_generator/utils.py:620:17
619	    try:
620	        result = subprocess.run(cmd, capture_output=True, text=True)
621	    except subprocess.CalledProcessError as e:

--------------------------------------------------
>> Issue: [B603:subprocess_without_shell_equals_true] subprocess call - check for execution of untrusted input.
   Severity: Low   Confidence: High
   CWE: CWE-78 (https://cwe.mitre.org/data/definitions/78.html)
   More Info: https://bandit.readthedocs.io/en/1.9.2/plugins/b603_subprocess_without_shell_equals_true.html
   Location: lb_plugins/plugins/dfaas/legacy_materials/samples_generator/utils.py:738:17
737	        logging.info(f"Running command: {cmd_list}")
738	        result = subprocess.run(
739	            cmd_list.split(), capture_output=True, text=True, check=True
740	        )
741	    except subprocess.CalledProcessError as e:

--------------------------------------------------
>> Issue: [B603:subprocess_without_shell_equals_true] subprocess call - check for execution of untrusted input.
   Severity: Low   Confidence: High
   CWE: CWE-78 (https://cwe.mitre.org/data/definitions/78.html)
   More Info: https://bandit.readthedocs.io/en/1.9.2/plugins/b603_subprocess_without_shell_equals_true.html
   Location: lb_plugins/plugins/dfaas/legacy_materials/samples_generator/utils.py:768:12
767	        try:
768	            subprocess.run(cmd, check=True, capture_output=True, text=True)
769	        except subprocess.CalledProcessError as e:

--------------------------------------------------
>> Issue: [B603:subprocess_without_shell_equals_true] subprocess call - check for execution of untrusted input.
   Severity: Low   Confidence: High
   CWE: CWE-78 (https://cwe.mitre.org/data/definitions/78.html)
   More Info: https://bandit.readthedocs.io/en/1.9.2/plugins/b603_subprocess_without_shell_equals_true.html
   Location: lb_plugins/plugins/dfaas/legacy_materials/samples_generator/utils.py:784:17
783	        logging.info(f"Running command [{i + 1}/{max}]: {cmd_list}")
784	        result = subprocess.run(
785	            cmd_list.split(), capture_output=True, check=True, text=True
786	        )
787	        if not result.stdout.strip():

--------------------------------------------------
>> Issue: [B603:subprocess_without_shell_equals_true] subprocess call - check for execution of untrusted input.
   Severity: Low   Confidence: High
   CWE: CWE-78 (https://cwe.mitre.org/data/definitions/78.html)
   More Info: https://bandit.readthedocs.io/en/1.9.2/plugins/b603_subprocess_without_shell_equals_true.html
   Location: lb_plugins/plugins/dfaas/legacy_materials/samples_generator/utils.py:806:12
805	            logging.info(f"Running command: {cmd}")
806	            subprocess.run(cmd.split(), check=True)
807	        except subprocess.CalledProcessError:

--------------------------------------------------
>> Issue: [B603:subprocess_without_shell_equals_true] subprocess call - check for execution of untrusted input.
   Severity: Low   Confidence: High
   CWE: CWE-78 (https://cwe.mitre.org/data/definitions/78.html)
   More Info: https://bandit.readthedocs.io/en/1.9.2/plugins/b603_subprocess_without_shell_equals_true.html
   Location: lb_plugins/plugins/dfaas/legacy_materials/samples_generator/utils.py:819:12
818	            # Blocks until the function has been deployed.
819	            subprocess.run(ready_cmd.split(), check=True)
820	        except subprocess.CalledProcessError:

--------------------------------------------------
>> Issue: [B310:blacklist] Audit url open for permitted schemes. Allowing use of file:/ or custom schemes is often unexpected.
   Severity: Medium   Confidence: High
   CWE: CWE-22 (https://cwe.mitre.org/data/definitions/22.html)
   More Info: https://bandit.readthedocs.io/en/1.9.2/blacklists/blacklist_calls.html#b310-urllib-urlopen
   Location: lb_plugins/plugins/dfaas/queries.py:169:13
168	        request = Request(f"{url}?{query_string}")
169	        with urlopen(request, timeout=self._timeout_seconds) as response:
170	            return json.loads(response.read().decode("utf-8"))

--------------------------------------------------
>> Issue: [B404:blacklist] Consider possible security implications associated with the subprocess module.
   Severity: Low   Confidence: High
   CWE: CWE-78 (https://cwe.mitre.org/data/definitions/78.html)
   More Info: https://bandit.readthedocs.io/en/1.9.2/blacklists/blacklist_imports.html#b404-import-subprocess
   Location: lb_plugins/plugins/dfaas/services/k6_runner.py:10:0
9	import shlex
10	import subprocess
11	import tempfile

--------------------------------------------------
>> Issue: [B603:subprocess_without_shell_equals_true] subprocess call - check for execution of untrusted input.
   Severity: Low   Confidence: High
   CWE: CWE-78 (https://cwe.mitre.org/data/definitions/78.html)
   More Info: https://bandit.readthedocs.io/en/1.9.2/plugins/b603_subprocess_without_shell_equals_true.html
   Location: lb_plugins/plugins/dfaas/services/k6_runner.py:283:25
282	
283	                result = subprocess.run(cmd, capture_output=True, text=True)
284	                end_time = time.time()

--------------------------------------------------
>> Issue: [B603:subprocess_without_shell_equals_true] subprocess call - check for execution of untrusted input.
   Severity: Low   Confidence: High
   CWE: CWE-78 (https://cwe.mitre.org/data/definitions/78.html)
   More Info: https://bandit.readthedocs.io/en/1.9.2/plugins/b603_subprocess_without_shell_equals_true.html
   Location: lb_plugins/plugins/dfaas/services/k6_runner.py:382:19
381	        try:
382	            proc = subprocess.Popen(
383	                cmd, stdout=subprocess.PIPE, stderr=subprocess.PIPE, text=True
384	            )
385	        except FileNotFoundError:

--------------------------------------------------
>> Issue: [B404:blacklist] Consider possible security implications associated with the subprocess module.
   Severity: Low   Confidence: High
   CWE: CWE-78 (https://cwe.mitre.org/data/definitions/78.html)
   More Info: https://bandit.readthedocs.io/en/1.9.2/blacklists/blacklist_imports.html#b404-import-subprocess
   Location: lb_plugins/plugins/fio/plugin.py:9:0
8	import logging
9	import subprocess
10	from pathlib import Path

--------------------------------------------------
>> Issue: [B108:hardcoded_tmp_directory] Probable insecure usage of temp file/directory.
   Severity: Medium   Confidence: Medium
   CWE: CWE-377 (https://cwe.mitre.org/data/definitions/377.html)
   More Info: https://bandit.readthedocs.io/en/1.9.2/plugins/b108_hardcoded_tmp_directory.html
   Location: lb_plugins/plugins/fio/plugin.py:32:35
31	    size: str = Field(default="1G", description="Total size of the I/O for each job")
32	    directory: str = Field(default="/tmp", description="Directory to store test files")
33	    name: str = Field(default="benchmark", description="Name of the FIO job")

--------------------------------------------------
>> Issue: [B607:start_process_with_partial_path] Starting a process with a partial executable path
   Severity: Low   Confidence: High
   CWE: CWE-78 (https://cwe.mitre.org/data/definitions/78.html)
   More Info: https://bandit.readthedocs.io/en/1.9.2/plugins/b607_start_process_with_partial_path.html
   Location: lb_plugins/plugins/fio/plugin.py:117:21
116	        try:
117	            result = subprocess.run(
118	                ["which", "fio"],
119	                capture_output=True,
120	                text=True
121	            )
122	            return result.returncode == 0

--------------------------------------------------
>> Issue: [B603:subprocess_without_shell_equals_true] subprocess call - check for execution of untrusted input.
   Severity: Low   Confidence: High
   CWE: CWE-78 (https://cwe.mitre.org/data/definitions/78.html)
   More Info: https://bandit.readthedocs.io/en/1.9.2/plugins/b603_subprocess_without_shell_equals_true.html
   Location: lb_plugins/plugins/fio/plugin.py:117:21
116	        try:
117	            result = subprocess.run(
118	                ["which", "fio"],
119	                capture_output=True,
120	                text=True
121	            )
122	            return result.returncode == 0

--------------------------------------------------
>> Issue: [B404:blacklist] Consider possible security implications associated with the subprocess module.
   Severity: Low   Confidence: High
   CWE: CWE-78 (https://cwe.mitre.org/data/definitions/78.html)
   More Info: https://bandit.readthedocs.io/en/1.9.2/blacklists/blacklist_imports.html#b404-import-subprocess
   Location: lb_plugins/plugins/geekbench/plugin.py:16:0
15	import shutil
16	import subprocess
17	import tarfile

--------------------------------------------------
>> Issue: [B108:hardcoded_tmp_directory] Probable insecure usage of temp file/directory.
   Severity: Medium   Confidence: Medium
   CWE: CWE-377 (https://cwe.mitre.org/data/definitions/377.html)
   More Info: https://bandit.readthedocs.io/en/1.9.2/plugins/b108_hardcoded_tmp_directory.html
   Location: lb_plugins/plugins/geekbench/plugin.py:53:42
52	    workdir: Path = Field(default=Path("/opt/geekbench"))
53	    output_dir: Path = Field(default=Path("/tmp"))
54	    license_key: str | None = Field(default=None)

--------------------------------------------------
>> Issue: [B110:try_except_pass] Try, Except, Pass detected.
   Severity: Low   Confidence: High
   CWE: CWE-703 (https://cwe.mitre.org/data/definitions/703.html)
   More Info: https://bandit.readthedocs.io/en/1.9.2/plugins/b110_try_except_pass.html
   Location: lb_plugins/plugins/geekbench/plugin.py:154:12
153	                self._log_path.write_text((stdout or "") + "\n" + (stderr or ""))
154	            except Exception:  # pragma: no cover - best effort
155	                pass
156	            self._result["log_path"] = str(self._log_path)

--------------------------------------------------
>> Issue: [B110:try_except_pass] Try, Except, Pass detected.
   Severity: Low   Confidence: High
   CWE: CWE-703 (https://cwe.mitre.org/data/definitions/703.html)
   More Info: https://bandit.readthedocs.io/en/1.9.2/plugins/b110_try_except_pass.html
   Location: lb_plugins/plugins/geekbench/plugin.py:225:16
224	                    shutil.rmtree(extract_dir, ignore_errors=True)
225	                except Exception:  # pragma: no cover - best effort
226	                    pass
227	            if not self.config.skip_cleanup and archive_path:

--------------------------------------------------
>> Issue: [B603:subprocess_without_shell_equals_true] subprocess call - check for execution of untrusted input.
   Severity: Low   Confidence: High
   CWE: CWE-78 (https://cwe.mitre.org/data/definitions/78.html)
   More Info: https://bandit.readthedocs.io/en/1.9.2/plugins/b603_subprocess_without_shell_equals_true.html
   Location: lb_plugins/plugins/geekbench/plugin.py:280:20
279	        dl_cmd = ["curl", "-fL", "--retry", "3", "--retry-delay", "1", "-sS", "-o", str(tmp_path), url]
280	        completed = subprocess.run(dl_cmd, check=False, capture_output=True, text=True)
281	        if completed.returncode != 0:

--------------------------------------------------
>> Issue: [B202:tarfile_unsafe_members] tarfile.extractall used without any validation. Please check and discard dangerous members.
   Severity: High   Confidence: High
   CWE: CWE-22 (https://cwe.mitre.org/data/definitions/22.html)
   More Info: https://bandit.readthedocs.io/en/1.9.2/plugins/b202_tarfile_unsafe_members.html
   Location: lb_plugins/plugins/geekbench/plugin.py:325:16
324	            with tarfile.open(archive_path, "r:gz") as tar:
325	                tar.extractall(path=self.config.workdir)
326	        except Exception as exc:

--------------------------------------------------
>> Issue: [B110:try_except_pass] Try, Except, Pass detected.
   Severity: Low   Confidence: High
   CWE: CWE-703 (https://cwe.mitre.org/data/definitions/703.html)
   More Info: https://bandit.readthedocs.io/en/1.9.2/plugins/b110_try_except_pass.html
   Location: lb_plugins/plugins/geekbench/plugin.py:347:16
346	                    proc.kill()
347	                except Exception:
348	                    pass
349	        self._process = None

--------------------------------------------------
>> Issue: [B404:blacklist] Consider possible security implications associated with the subprocess module.
   Severity: Low   Confidence: High
   CWE: CWE-78 (https://cwe.mitre.org/data/definitions/78.html)
   More Info: https://bandit.readthedocs.io/en/1.9.2/blacklists/blacklist_imports.html#b404-import-subprocess
   Location: lb_plugins/plugins/hpl/plugin.py:11:0
10	import shutil
11	import subprocess
12	from pathlib import Path

--------------------------------------------------
>> Issue: [B110:try_except_pass] Try, Except, Pass detected.
   Severity: Low   Confidence: High
   CWE: CWE-703 (https://cwe.mitre.org/data/definitions/703.html)
   More Info: https://bandit.readthedocs.io/en/1.9.2/plugins/b110_try_except_pass.html
   Location: lb_plugins/plugins/hpl/plugin.py:249:20
248	                            logger.error(msg)
249	                    except Exception:
250	                        pass
251	

--------------------------------------------------
>> Issue: [B112:try_except_continue] Try, Except, Continue detected.
   Severity: Low   Confidence: High
   CWE: CWE-703 (https://cwe.mitre.org/data/definitions/703.html)
   More Info: https://bandit.readthedocs.io/en/1.9.2/plugins/b112_try_except_continue.html
   Location: lb_plugins/plugins/hpl/plugin.py:302:16
301	                    )
302	                except Exception:
303	                    continue
304	                continue

--------------------------------------------------
>> Issue: [B404:blacklist] Consider possible security implications associated with the subprocess module.
   Severity: Low   Confidence: High
   CWE: CWE-78 (https://cwe.mitre.org/data/definitions/78.html)
   More Info: https://bandit.readthedocs.io/en/1.9.2/blacklists/blacklist_imports.html#b404-import-subprocess
   Location: lb_plugins/plugins/phoronix_test_suite/plugin.py:15:0
14	import signal
15	import subprocess
16	import time

--------------------------------------------------
>> Issue: [B112:try_except_continue] Try, Except, Continue detected.
   Severity: Low   Confidence: High
   CWE: CWE-703 (https://cwe.mitre.org/data/definitions/703.html)
   More Info: https://bandit.readthedocs.io/en/1.9.2/plugins/b112_try_except_continue.html
   Location: lb_plugins/plugins/phoronix_test_suite/plugin.py:144:12
143	                content = candidate.read_text(errors="ignore").lower()
144	            except Exception:
145	                continue
146	            if "<configured>true</configured>" in content:

--------------------------------------------------
>> Issue: [B603:subprocess_without_shell_equals_true] subprocess call - check for execution of untrusted input.
   Severity: Low   Confidence: High
   CWE: CWE-78 (https://cwe.mitre.org/data/definitions/78.html)
   More Info: https://bandit.readthedocs.io/en/1.9.2/plugins/b603_subprocess_without_shell_equals_true.html
   Location: lb_plugins/plugins/phoronix_test_suite/plugin.py:176:22
175	            try:
176	                res = subprocess.run(
177	                    [self.binary, subcommand],
178	                    env=env,
179	                    text=True,
180	                    stdout=subprocess.PIPE,
181	                    stderr=subprocess.STDOUT,
182	                    check=False,
183	                )
184	            except Exception:

--------------------------------------------------
>> Issue: [B112:try_except_continue] Try, Except, Continue detected.
   Severity: Low   Confidence: High
   CWE: CWE-703 (https://cwe.mitre.org/data/definitions/703.html)
   More Info: https://bandit.readthedocs.io/en/1.9.2/plugins/b112_try_except_continue.html
   Location: lb_plugins/plugins/phoronix_test_suite/plugin.py:184:12
183	                )
184	            except Exception:
185	                continue
186	            if res.returncode != 0:

--------------------------------------------------
>> Issue: [B607:start_process_with_partial_path] Starting a process with a partial executable path
   Severity: Low   Confidence: High
   CWE: CWE-78 (https://cwe.mitre.org/data/definitions/78.html)
   More Info: https://bandit.readthedocs.io/en/1.9.2/plugins/b607_start_process_with_partial_path.html
   Location: lb_plugins/plugins/phoronix_test_suite/plugin.py:200:18
199	        for pkg in sorted(set(self.system_packages)):
200	            res = subprocess.run(
201	                ["dpkg-query", "-W", "-f=${Status}", pkg],
202	                env=env,
203	                text=True,
204	                stdout=subprocess.PIPE,
205	                stderr=subprocess.STDOUT,
206	                check=False,
207	            )
208	            if res.returncode != 0 or "install ok installed" not in (res.stdout or ""):

--------------------------------------------------
>> Issue: [B603:subprocess_without_shell_equals_true] subprocess call - check for execution of untrusted input.
   Severity: Low   Confidence: High
   CWE: CWE-78 (https://cwe.mitre.org/data/definitions/78.html)
   More Info: https://bandit.readthedocs.io/en/1.9.2/plugins/b603_subprocess_without_shell_equals_true.html
   Location: lb_plugins/plugins/phoronix_test_suite/plugin.py:200:18
199	        for pkg in sorted(set(self.system_packages)):
200	            res = subprocess.run(
201	                ["dpkg-query", "-W", "-f=${Status}", pkg],
202	                env=env,
203	                text=True,
204	                stdout=subprocess.PIPE,
205	                stderr=subprocess.STDOUT,
206	                check=False,
207	            )
208	            if res.returncode != 0 or "install ok installed" not in (res.stdout or ""):

--------------------------------------------------
>> Issue: [B603:subprocess_without_shell_equals_true] subprocess call - check for execution of untrusted input.
   Severity: Low   Confidence: High
   CWE: CWE-78 (https://cwe.mitre.org/data/definitions/78.html)
   More Info: https://bandit.readthedocs.io/en/1.9.2/plugins/b603_subprocess_without_shell_equals_true.html
   Location: lb_plugins/plugins/phoronix_test_suite/plugin.py:271:28
270	            logger.info("Running PTS command: %s", " ".join(cmd_to_run))
271	            self._process = subprocess.Popen(
272	                cmd_to_run,
273	                stdout=subprocess.PIPE,
274	                stderr=subprocess.STDOUT,
275	                stdin=subprocess.PIPE,
276	                text=True,
277	                bufsize=1,
278	                env=env,
279	                start_new_session=True,
280	            )
281	            assert self._process.stdout is not None

--------------------------------------------------
>> Issue: [B101:assert_used] Use of assert detected. The enclosed code will be removed when compiling to optimised byte code.
   Severity: Low   Confidence: High
   CWE: CWE-703 (https://cwe.mitre.org/data/definitions/703.html)
   More Info: https://bandit.readthedocs.io/en/1.9.2/plugins/b101_assert_used.html
   Location: lb_plugins/plugins/phoronix_test_suite/plugin.py:281:12
280	            )
281	            assert self._process.stdout is not None
282	            assert self._process.stdin is not None

--------------------------------------------------
>> Issue: [B101:assert_used] Use of assert detected. The enclosed code will be removed when compiling to optimised byte code.
   Severity: Low   Confidence: High
   CWE: CWE-703 (https://cwe.mitre.org/data/definitions/703.html)
   More Info: https://bandit.readthedocs.io/en/1.9.2/plugins/b101_assert_used.html
   Location: lb_plugins/plugins/phoronix_test_suite/plugin.py:282:12
281	            assert self._process.stdout is not None
282	            assert self._process.stdin is not None
283	            output_lines: List[str] = []

--------------------------------------------------
>> Issue: [B110:try_except_pass] Try, Except, Pass detected.
   Severity: Low   Confidence: High
   CWE: CWE-703 (https://cwe.mitre.org/data/definitions/703.html)
   More Info: https://bandit.readthedocs.io/en/1.9.2/plugins/b110_try_except_pass.html
   Location: lb_plugins/plugins/phoronix_test_suite/plugin.py:301:24
300	                            menu_responses += 1
301	                        except Exception:
302	                            pass
303	            rc = self._process.wait()

--------------------------------------------------
>> Issue: [B110:try_except_pass] Try, Except, Pass detected.
   Severity: Low   Confidence: High
   CWE: CWE-703 (https://cwe.mitre.org/data/definitions/703.html)
   More Info: https://bandit.readthedocs.io/en/1.9.2/plugins/b110_try_except_pass.html
   Location: lb_plugins/plugins/phoronix_test_suite/plugin.py:388:16
387	                    proc.kill()
388	                except Exception:
389	                    pass
390	

--------------------------------------------------
>> Issue: [B404:blacklist] Consider possible security implications associated with the subprocess module.
   Severity: Low   Confidence: High
   CWE: CWE-78 (https://cwe.mitre.org/data/definitions/78.html)
   More Info: https://bandit.readthedocs.io/en/1.9.2/blacklists/blacklist_imports.html#b404-import-subprocess
   Location: lb_plugins/plugins/stream/plugin.py:16:0
15	import shutil
16	import subprocess
17	from pathlib import Path

--------------------------------------------------
>> Issue: [B603:subprocess_without_shell_equals_true] subprocess call - check for execution of untrusted input.
   Severity: Low   Confidence: High
   CWE: CWE-78 (https://cwe.mitre.org/data/definitions/78.html)
   More Info: https://bandit.readthedocs.io/en/1.9.2/plugins/b603_subprocess_without_shell_equals_true.html
   Location: lb_plugins/plugins/stream/plugin.py:155:17
154	        logger.info("Compiling tuned STREAM: %s", " ".join(cmd))
155	        result = subprocess.run(cmd, capture_output=True, text=True, check=False)
156	        if result.returncode != 0:

--------------------------------------------------
>> Issue: [B404:blacklist] Consider possible security implications associated with the subprocess module.
   Severity: Low   Confidence: High
   CWE: CWE-78 (https://cwe.mitre.org/data/definitions/78.html)
   More Info: https://bandit.readthedocs.io/en/1.9.2/blacklists/blacklist_imports.html#b404-import-subprocess
   Location: lb_plugins/plugins/stress_ng/plugin.py:7:0
6	import logging
7	import subprocess
8	from pathlib import Path

--------------------------------------------------
>> Issue: [B607:start_process_with_partial_path] Starting a process with a partial executable path
   Severity: Low   Confidence: High
   CWE: CWE-78 (https://cwe.mitre.org/data/definitions/78.html)
   More Info: https://bandit.readthedocs.io/en/1.9.2/plugins/b607_start_process_with_partial_path.html
   Location: lb_plugins/plugins/stress_ng/plugin.py:78:21
77	        try:
78	            result = subprocess.run(["which", "stress-ng"], capture_output=True, text=True)
79	            return result.returncode == 0

--------------------------------------------------
>> Issue: [B603:subprocess_without_shell_equals_true] subprocess call - check for execution of untrusted input.
   Severity: Low   Confidence: High
   CWE: CWE-78 (https://cwe.mitre.org/data/definitions/78.html)
   More Info: https://bandit.readthedocs.io/en/1.9.2/plugins/b603_subprocess_without_shell_equals_true.html
   Location: lb_plugins/plugins/stress_ng/plugin.py:78:21
77	        try:
78	            result = subprocess.run(["which", "stress-ng"], capture_output=True, text=True)
79	            return result.returncode == 0

--------------------------------------------------
>> Issue: [B404:blacklist] Consider possible security implications associated with the subprocess module.
   Severity: Low   Confidence: High
   CWE: CWE-78 (https://cwe.mitre.org/data/definitions/78.html)
   More Info: https://bandit.readthedocs.io/en/1.9.2/blacklists/blacklist_imports.html#b404-import-subprocess
   Location: lb_plugins/plugins/sysbench/plugin.py:14:0
13	import shutil
14	import subprocess
15	from pathlib import Path

--------------------------------------------------
>> Issue: [B607:start_process_with_partial_path] Starting a process with a partial executable path
   Severity: Low   Confidence: High
   CWE: CWE-78 (https://cwe.mitre.org/data/definitions/78.html)
   More Info: https://bandit.readthedocs.io/en/1.9.2/plugins/b607_start_process_with_partial_path.html
   Location: lb_plugins/plugins/sysbench/plugin.py:116:21
115	        try:
116	            result = subprocess.run(
117	                ["sysbench", "--version"], capture_output=True, text=True
118	            )
119	            return result.returncode == 0

--------------------------------------------------
>> Issue: [B603:subprocess_without_shell_equals_true] subprocess call - check for execution of untrusted input.
   Severity: Low   Confidence: High
   CWE: CWE-78 (https://cwe.mitre.org/data/definitions/78.html)
   More Info: https://bandit.readthedocs.io/en/1.9.2/plugins/b603_subprocess_without_shell_equals_true.html
   Location: lb_plugins/plugins/sysbench/plugin.py:116:21
115	        try:
116	            result = subprocess.run(
117	                ["sysbench", "--version"], capture_output=True, text=True
118	            )
119	            return result.returncode == 0

--------------------------------------------------
>> Issue: [B404:blacklist] Consider possible security implications associated with the subprocess module.
   Severity: Low   Confidence: High
   CWE: CWE-78 (https://cwe.mitre.org/data/definitions/78.html)
   More Info: https://bandit.readthedocs.io/en/1.9.2/blacklists/blacklist_imports.html#b404-import-subprocess
   Location: lb_plugins/plugins/unixbench/plugin.py:11:0
10	import os
11	import subprocess
12	from pathlib import Path

--------------------------------------------------
>> Issue: [B404:blacklist] Consider possible security implications associated with the subprocess module.
   Severity: Low   Confidence: High
   CWE: CWE-78 (https://cwe.mitre.org/data/definitions/78.html)
   More Info: https://bandit.readthedocs.io/en/1.9.2/blacklists/blacklist_imports.html#b404-import-subprocess
   Location: lb_plugins/plugins/yabs/plugin.py:15:0
14	import shutil
15	import subprocess
16	import tempfile

--------------------------------------------------
>> Issue: [B108:hardcoded_tmp_directory] Probable insecure usage of temp file/directory.
   Severity: Medium   Confidence: Medium
   CWE: CWE-377 (https://cwe.mitre.org/data/definitions/377.html)
   More Info: https://bandit.readthedocs.io/en/1.9.2/plugins/b108_hardcoded_tmp_directory.html
   Location: lb_plugins/plugins/yabs/plugin.py:38:42
37	    skip_cleanup: bool = Field(default=True, description="Skip temporary file cleanup")
38	    output_dir: Path = Field(default=Path("/tmp"), description="Directory for YABS log files")
39	    extra_args: List[str] = Field(default_factory=list, description="Additional arguments to pass to yabs.sh")

--------------------------------------------------
>> Issue: [B110:try_except_pass] Try, Except, Pass detected.
   Severity: Low   Confidence: High
   CWE: CWE-703 (https://cwe.mitre.org/data/definitions/703.html)
   More Info: https://bandit.readthedocs.io/en/1.9.2/plugins/b110_try_except_pass.html
   Location: lb_plugins/plugins/yabs/plugin.py:214:16
213	                    script_path.unlink()
214	                except Exception:
215	                    pass
216	            self._is_running = False

--------------------------------------------------
>> Issue: [B603:subprocess_without_shell_equals_true] subprocess call - check for execution of untrusted input.
   Severity: Low   Confidence: High
   CWE: CWE-78 (https://cwe.mitre.org/data/definitions/78.html)
   More Info: https://bandit.readthedocs.io/en/1.9.2/plugins/b603_subprocess_without_shell_equals_true.html
   Location: lb_plugins/plugins/yabs/plugin.py:220:20
219	        """Run a command and raise on failure."""
220	        completed = subprocess.run(cmd, check=False, capture_output=True, text=True)
221	        if completed.returncode != 0:

--------------------------------------------------

Code scanned:
	Total lines of code: 7639
	Total lines skipped (#nosec): 0
	Total potential issues skipped due to specifically being disabled (e.g., #nosec BXXX): 0

Run metrics:
	Total issues (by severity):
		Undefined: 0
		Low: 73
		Medium: 7
		High: 9
	Total issues (by confidence):
		Undefined: 0
		Low: 1
		Medium: 6
		High: 82
Files skipped (0):
