lb_runner/metric_collectors/aggregators.py:7: error: Library stubs not installed for "pandas"  [import-untyped]
lb_runner/engine/stop_token.py:36: error: Incompatible types in assignment (expression has type "Callable[[int, FrameType | None], Any] | int | None", target has type "Callable[..., Any]")  [assignment]
lb_runner/engine/stop_token.py:42: error: Function is missing a type annotation for one or more arguments  [no-untyped-def]
lb_runner/engine/stop_token.py:42: note: Error code "no-untyped-def" not covered by "type: ignore" comment
lb_runner/engine/stop_token.py:45: error: Non-overlapping container check (element type: "Callable[..., Any] | None", container item type: "Handlers | None")  [comparison-overlap]
lb_runner/engine/stop_token.py:47: error: Non-overlapping equality check (left operand type: "Callable[..., Any] | None", right operand type: "Literal[Handlers.SIG_DFL]")  [comparison-overlap]
lb_runner/engine/stop_token.py:51: error: "None" not callable  [misc]
lb_runner/engine/stop_token.py:95: error: Function is missing a type annotation for one or more arguments  [no-untyped-def]
lb_runner/engine/stop_token.py:37: error: Unused "type: ignore" comment  [unused-ignore]
lb_runner/engine/stop_token.py:42: error: Unused "type: ignore" comment  [unused-ignore]
lb_runner/engine/stop_token.py:87: error: Unused "type: ignore" comment  [unused-ignore]
lb_controller/engine/interrupts.py:88: error: Unused "type: ignore" comment  [unused-ignore]
lb_controller/engine/interrupts.py:91: error: Function is missing a type annotation for one or more arguments  [no-untyped-def]
lb_controller/engine/interrupts.py:93: error: Unused "type: ignore" comment  [unused-ignore]
lb_controller/engine/interrupts.py:102: error: Statement is unreachable  [unreachable]
lb_controller/ansible/collections/ansible_collections/community/docker/plugins/connection/docker.py:9: error: Skipping analyzing "ansible.errors": module is installed, but missing library stubs or py.typed marker  [import-untyped]
lb_controller/ansible/collections/ansible_collections/community/docker/plugins/connection/docker.py:10: error: Skipping analyzing "ansible.plugins.connection": module is installed, but missing library stubs or py.typed marker  [import-untyped]
lb_controller/ansible/collections/ansible_collections/community/docker/plugins/connection/docker.py:28: error: Function is missing a type annotation for one or more arguments  [no-untyped-def]
docs/mkdocs_hooks.py:30: error: Unused "type: ignore" comment  [unused-ignore]
docs/mkdocs_hooks.py:30: error: Function is missing a type annotation  [no-untyped-def]
docs/mkdocs_hooks.py:30: note: Error code "no-untyped-def" not covered by "type: ignore" comment
docs/mkdocs_hooks.py:41: error: Unused "type: ignore" comment  [unused-ignore]
docs/mkdocs_hooks.py:41: error: Function is missing a type annotation  [no-untyped-def]
docs/mkdocs_hooks.py:41: note: Error code "no-untyped-def" not covered by "type: ignore" comment
lb_controller/ansible/callback_plugins/lb_events.py:19: error: Skipping analyzing "ansible.plugins.callback": module is installed, but missing library stubs or py.typed marker  [import-untyped]
lb_controller/ansible/callback_plugins/lb_events.py:61: error: Returning Any from function declared to return "dict[str, Any] | None"  [no-any-return]
lb_controller/ansible/callback_plugins/lb_events.py:90: error: Unused "type: ignore" comment  [unused-ignore]
lb_controller/ansible/callback_plugins/lb_events.py:90: error: Function is missing a type annotation  [no-untyped-def]
lb_controller/ansible/callback_plugins/lb_events.py:90: note: Error code "no-untyped-def" not covered by "type: ignore" comment
lb_controller/ansible/callback_plugins/lb_events.py:93: error: Unused "type: ignore" comment  [unused-ignore]
lb_controller/ansible/callback_plugins/lb_events.py:93: error: Function is missing a type annotation  [no-untyped-def]
lb_controller/ansible/callback_plugins/lb_events.py:93: note: Error code "no-untyped-def" not covered by "type: ignore" comment
lb_controller/ansible/callback_plugins/lb_events.py:96: error: Unused "type: ignore" comment  [unused-ignore]
lb_controller/ansible/callback_plugins/lb_events.py:96: error: Function is missing a type annotation  [no-untyped-def]
lb_controller/ansible/callback_plugins/lb_events.py:96: note: Error code "no-untyped-def" not covered by "type: ignore" comment
lb_controller/ansible/callback_plugins/lb_events.py:99: error: Unused "type: ignore" comment  [unused-ignore]
lb_controller/ansible/callback_plugins/lb_events.py:99: error: Function is missing a type annotation  [no-untyped-def]
lb_controller/ansible/callback_plugins/lb_events.py:99: note: Error code "no-untyped-def" not covered by "type: ignore" comment
lb_controller/ansible/callback_plugins/lb_events.py:102: error: Unused "type: ignore" comment  [unused-ignore]
lb_controller/ansible/callback_plugins/lb_events.py:102: error: Function is missing a type annotation  [no-untyped-def]
lb_controller/ansible/callback_plugins/lb_events.py:102: note: Error code "no-untyped-def" not covered by "type: ignore" comment
lb_controller/ansible/callback_plugins/lb_events.py:112: error: Unused "type: ignore" comment  [unused-ignore]
lb_app/services/run_output_parsing.py:44: error: Returning Any from function declared to return "dict[str, Any] | None"  [no-any-return]
lb_app/services/run_output_parsing.py:83: error: Returning Any from function declared to return "dict[str, Any] | None"  [no-any-return]
lb_ui/tui/system/components/dashboard_adapter.py:22: error: Argument 1 to "contextmanager" has incompatible type "Callable[[DashboardAdapter], AbstractContextManager[None, bool | None]]"; expected "Callable[[DashboardAdapter], Iterator[Never]]"  [arg-type]
lb_ui/tui/system/components/dashboard_adapter.py:23: error: The return type of a generator function should be "Generator" or one of its supertypes  [misc]
lb_runner/metric_collectors/_base_collector.py:14: error: Library stubs not installed for "pandas"  [import-untyped]
lb_runner/metric_collectors/_base_collector.py:201: error: Function is missing a type annotation  [no-untyped-def]
lb_runner/metric_collectors/_base_collector.py:206: error: Function is missing a type annotation  [no-untyped-def]
lb_plugins/observability.py:70: error: Returning Any from function declared to return "Mapping[str, Any]"  [no-any-return]
lb_plugins/base_generator.py:195: error: Returning Any from function declared to return "int | None"  [no-any-return]
lb_common/discovery/entrypoints.py:25: error: Incompatible types in assignment (expression has type "tuple[()]", variable has type "EntryPoints")  [assignment]
lb_plugins/plugins/dfaas/queries.py:12: error: Library stubs not installed for "yaml"  [import-untyped]
lb_plugins/plugins/dfaas/queries.py:183: error: Returning Any from function declared to return "dict[str, Any]"  [no-any-return]
lb_common/observability/grafana_client.py:94: error: Returning Any from function declared to return "int | None"  [no-any-return]
lb_common/observability/grafana_client.py:216: error: Returning Any from function declared to return "str"  [no-any-return]
lb_common/logs/handlers/loki_helpers.py:62: error: Statement is unreachable  [unreachable]
lb_ui/tui/system/headless.py:29: error: Function is missing a return type annotation  [no-untyped-def]
lb_ui/tui/system/headless.py:29: note: Use "-> None" if function does not return a value
lb_runner/metric_collectors/psutil_collector.py:10: error: Library stubs not installed for "psutil"  [import-untyped]
lb_runner/metric_collectors/psutil_collector.py:10: note: Hint: "python3 -m pip install types-psutil"
lb_runner/metric_collectors/cli_collector.py:22: error: Incompatible default for argument "commands" (default has type "None", argument has type "list[str]")  [assignment]
lb_runner/metric_collectors/cli_collector.py:22: note: PEP 484 prohibits implicit Optional. Accordingly, mypy has changed its default to no_implicit_optional=True
lb_runner/metric_collectors/cli_collector.py:22: note: Use https://github.com/hauntsaninja/no_implicit_optional to automatically upgrade your codebase
lb_runner/metric_collectors/cli_collector.py:68: error: Incompatible types in assignment (expression has type "dict[str, Any] | list[dict[str, Any]] | Iterator[dict[str, Any]]", variable has type "dict[str, Any] | None")  [assignment]
lb_runner/metric_collectors/cli_collector.py:75: error: Statement is unreachable  [unreachable]
lb_plugins/interface.py:5: error: Library stubs not installed for "yaml"  [import-untyped]
lb_plugins/interface.py:7: error: Library stubs not installed for "pandas"  [import-untyped]
tests/conftest.py:5: error: Function is missing a type annotation  [no-untyped-def]
tests/conftest.py:11: error: Need type annotation for "marker_stats"  [var-annotated]
tests/conftest.py:24: error: Dict entry 4 has incompatible type "str": "float"; expected "str": "int"  [dict-item]
tests/conftest.py:39: error: Incompatible types in assignment (expression has type "Any | float", target has type "int")  [assignment]
lb_ui/tui/system/components/progress.py:10: error: Incompatible return value type (got "Status", expected "ContextManager[None]")  [return-value]
lb_ui/tui/system/components/progress.py:10: note: Following member(s) of "Status" have conflicts:
lb_ui/tui/system/components/progress.py:10: note:     Expected:
lb_ui/tui/system/components/progress.py:10: note:         def __enter__(self) -> None
lb_ui/tui/system/components/progress.py:10: note:     Got:
lb_ui/tui/system/components/progress.py:10: note:         def __enter__(self) -> Status
lb_ui/tui/system/components/presenter.py:28: error: Argument "border_style" to "Panel" has incompatible type "str | None"; expected "str | Style"  [arg-type]
lb_app/services/run_output.py:19: error: Function is missing a return type annotation  [no-untyped-def]
lb_app/services/run_output.py:19: note: Use "-> None" if function does not return a value
lb_app/services/run_output.py:50: error: Function is missing a return type annotation  [no-untyped-def]
lb_app/services/run_output.py:53: error: Function is missing a return type annotation  [no-untyped-def]
lb_app/services/run_output.py:104: error: Function is missing a return type annotation  [no-untyped-def]
lb_app/services/run_output.py:232: error: Item "None" of "Match[str] | None" has no attribute "group"  [union-attr]
lb_plugins/plugins/yabs/plugin.py:129: error: Returning Any from function declared to return "int | None"  [no-any-return]
lb_plugins/plugins/yabs/plugin.py:150: error: Unsupported target for indexed assignment ("Any | None")  [index]
lb_plugins/plugins/yabs/plugin.py:281: error: Library stubs not installed for "pandas"  [import-untyped]
lb_plugins/plugins/unixbench/plugin.py:58: error: Item "None" of "CommandSpecBuilder | None" has no attribute "build"  [union-attr]
lb_plugins/plugins/unixbench/plugin.py:61: error: Returning Any from function declared to return "Path | None"  [no-any-return]
lb_plugins/plugins/unixbench/plugin.py:64: error: Returning Any from function declared to return "int | None"  [no-any-return]
lb_plugins/plugins/unixbench/plugin.py:98: error: Argument 1 of "create_generator" is incompatible with supertype "lb_plugins.interface.SimpleWorkloadPlugin"; supertype defines the argument type as "BasePluginConfig"  [override]
lb_plugins/plugins/unixbench/plugin.py:98: note: This violates the Liskov substitution principle
lb_plugins/plugins/unixbench/plugin.py:98: note: See https://mypy.readthedocs.io/en/stable/common_issues.html#incompatible-overrides
lb_plugins/plugins/unixbench/plugin.py:98: error: Argument 1 of "create_generator" is incompatible with supertype "lb_plugins.interface.WorkloadPlugin"; supertype defines the argument type as "BasePluginConfig"  [override]
lb_plugins/plugins/sysbench/plugin.py:101: error: Item "None" of "CommandSpecBuilder | None" has no attribute "build"  [union-attr]
lb_plugins/plugins/sysbench/plugin.py:104: error: Returning Any from function declared to return "int | None"  [no-any-return]
lb_plugins/plugins/sysbench/plugin.py:131: error: Argument 1 of "create_generator" is incompatible with supertype "lb_plugins.interface.SimpleWorkloadPlugin"; supertype defines the argument type as "BasePluginConfig"  [override]
lb_plugins/plugins/sysbench/plugin.py:131: note: This violates the Liskov substitution principle
lb_plugins/plugins/sysbench/plugin.py:131: note: See https://mypy.readthedocs.io/en/stable/common_issues.html#incompatible-overrides
lb_plugins/plugins/sysbench/plugin.py:131: error: Argument 1 of "create_generator" is incompatible with supertype "lb_plugins.interface.WorkloadPlugin"; supertype defines the argument type as "BasePluginConfig"  [override]
lb_plugins/plugins/stress_ng/plugin.py:59: error: Item "None" of "CommandSpecBuilder | None" has no attribute "build"  [union-attr]
lb_plugins/plugins/stream/plugin.py:222: error: Returning Any from function declared to return "int | None"  [no-any-return]
lb_plugins/plugins/stream/plugin.py:252: error: Unsupported right operand type for in ("Any | None")  [operator]
lb_plugins/plugins/stream/plugin.py:253: error: Unsupported target for indexed assignment ("Any | None")  [index]
lb_plugins/plugins/stream/plugin.py:334: error: Library stubs not installed for "pandas"  [import-untyped]
lb_plugins/plugins/phoronix_test_suite/plugin.py:21: error: Library stubs not installed for "yaml"  [import-untyped]
lb_plugins/plugins/hpl/plugin.py:207: error: Returning Any from function declared to return "int | None"  [no-any-return]
lb_plugins/plugins/hpl/plugin.py:235: error: Unsupported target for indexed assignment ("Any | None")  [index]
lb_plugins/plugins/hpl/plugin.py:247: error: Unsupported target for indexed assignment ("Any | None")  [index]
lb_plugins/plugins/hpl/plugin.py:252: error: Unsupported right operand type for in ("Any | None")  [operator]
lb_plugins/plugins/hpl/plugin.py:253: error: Unsupported target for indexed assignment ("Any | None")  [index]
lb_plugins/plugins/hpl/plugin.py:255: error: Unsupported right operand type for in ("Any | None")  [operator]
lb_plugins/plugins/hpl/plugin.py:256: error: Unsupported target for indexed assignment ("Any | None")  [index]
lb_plugins/plugins/hpl/plugin.py:414: error: Library stubs not installed for "pandas"  [import-untyped]
lb_plugins/plugins/geekbench/plugin.py:229: error: Library stubs not installed for "pandas"  [import-untyped]
lb_plugins/plugins/geekbench/plugin.py:231: error: Unused "type: ignore" comment  [unused-ignore]
lb_plugins/plugins/geekbench/plugin.py:231: error: Returning Any from function declared to return "dict[str, Any] | None"  [no-any-return]
lb_plugins/plugins/geekbench/plugin.py:231: note: Error code "no-any-return" not covered by "type: ignore" comment
lb_plugins/plugins/geekbench/plugin.py:234: error: Returning Any from function declared to return "dict[str, Any] | None"  [no-any-return]
lb_plugins/plugins/geekbench/plugin.py:469: error: Item "None" of "CommandSpecBuilder | None" has no attribute "build"  [union-attr]
lb_plugins/plugins/geekbench/plugin.py:552: error: Returning Any from function declared to return "Path"  [no-any-return]
lb_plugins/plugins/geekbench/plugin.py:690: error: "BasePluginConfig" has no attribute "version"  [attr-defined]
lb_plugins/plugins/fio/plugin.py:135: error: Returning Any from function declared to return "int | None"  [no-any-return]
lb_plugins/plugins/fio/plugin.py:308: error: Library stubs not installed for "pandas"  [import-untyped]
lb_plugins/plugins/dd/plugin.py:95: error: Item "None" of "CommandSpecBuilder | None" has no attribute "build"  [union-attr]
lb_plugins/plugins/_user/remote/dummy.py:12: error: Function is missing a type annotation  [no-untyped-def]
lb_plugins/plugins/_user/remote/dummy.py:15: error: Function is missing a return type annotation  [no-untyped-def]
lb_plugins/plugins/_user/remote/dummy.py:18: error: Function is missing a return type annotation  [no-untyped-def]
lb_plugins/plugins/_user/remote/dummy.py:18: note: Use "-> None" if function does not return a value
lb_plugins/plugins/_user/remote/dummy.py:21: error: Function is missing a return type annotation  [no-untyped-def]
lb_plugins/plugins/_user/remote/dummy.py:21: note: Use "-> None" if function does not return a value
lb_plugins/plugins/_user/remote/dummy.py:34: error: Signature of "config_cls" incompatible with supertype "WorkloadPlugin"  [override]
lb_plugins/plugins/_user/remote/dummy.py:34: note:      Superclass:
lb_plugins/plugins/_user/remote/dummy.py:34: note:          type[BasePluginConfig]
lb_plugins/plugins/_user/remote/dummy.py:34: note:      Subclass:
lb_plugins/plugins/_user/remote/dummy.py:34: note:          type[DummyConfig]
lb_plugins/plugins/_user/remote/dummy.py:37: error: Function is missing a type annotation  [no-untyped-def]
lb_plugins/plugins/_user/dummy_plugin/dummy.py:12: error: Function is missing a type annotation  [no-untyped-def]
lb_plugins/plugins/_user/dummy_plugin/dummy.py:15: error: Function is missing a return type annotation  [no-untyped-def]
lb_plugins/plugins/_user/dummy_plugin/dummy.py:18: error: Function is missing a return type annotation  [no-untyped-def]
lb_plugins/plugins/_user/dummy_plugin/dummy.py:18: note: Use "-> None" if function does not return a value
lb_plugins/plugins/_user/dummy_plugin/dummy.py:21: error: Function is missing a return type annotation  [no-untyped-def]
lb_plugins/plugins/_user/dummy_plugin/dummy.py:21: note: Use "-> None" if function does not return a value
lb_plugins/plugins/_user/dummy_plugin/dummy.py:34: error: Signature of "config_cls" incompatible with supertype "WorkloadPlugin"  [override]
lb_plugins/plugins/_user/dummy_plugin/dummy.py:34: note:      Superclass:
lb_plugins/plugins/_user/dummy_plugin/dummy.py:34: note:          type[BasePluginConfig]
lb_plugins/plugins/_user/dummy_plugin/dummy.py:34: note:      Subclass:
lb_plugins/plugins/_user/dummy_plugin/dummy.py:34: note:          type[DummyConfig]
lb_plugins/plugins/_user/dummy_plugin/dummy.py:37: error: Function is missing a type annotation  [no-untyped-def]
lb_common/logs/handlers/jsonl_handler.py:62: error: Incompatible types in assignment (expression has type "None", variable has type "dict[str, Any]")  [assignment]
lb_ui/tui/system/components/form.py:16: error: Incompatible types in assignment (expression has type "bool", target has type "str")  [assignment]
lb_ui/tui/system/components/form.py:18: error: Returning Any from function declared to return "str"  [no-any-return]
lb_ui/tui/system/components/form.py:18: error: No overload variant of "ask" of "PromptBase" matches argument types "str", "Console", "dict[str, str]"  [call-overload]
lb_ui/tui/system/components/form.py:18: note: Possible overload variants:
lb_ui/tui/system/components/form.py:18: note:     def [DefaultType] ask(cls, prompt: str | Text = ..., *, console: Console | None = ..., password: bool = ..., choices: list[str] | None = ..., case_sensitive: bool = ..., show_default: bool = ..., show_choices: bool = ..., default: DefaultType, stream: TextIO | None = ...) -> DefaultType | str
lb_ui/tui/system/components/form.py:18: note:     def ask(cls, prompt: str | Text = ..., *, console: Console | None = ..., password: bool = ..., choices: list[str] | None = ..., case_sensitive: bool = ..., show_default: bool = ..., show_choices: bool = ..., stream: TextIO | None = ...) -> str
lb_common/logs/core.py:297: error: Argument "foreign_pre_chain" to "ProcessorFormatter" has incompatible type "list[object]"; expected "Sequence[Callable[[Any, str, MutableMapping[str, Any]], Mapping[str, Any] | str | bytes | bytearray | tuple[Any, ...]]] | None"  [arg-type]
lb_analytics/engine/aggregators/collectors.py:8: error: Library stubs not installed for "pandas"  [import-untyped]
lb_analytics/engine/aggregators/collectors.py:8: note: Hint: "python3 -m pip install pandas-stubs"
lb_analytics/engine/aggregators/collectors.py:8: note: (or run "mypy --install-types" to install all missing stub packages)
lb_analytics/engine/aggregators/collectors.py:8: note: See https://mypy.readthedocs.io/en/stable/running_mypy.html#missing-imports
lb_ui/notifications/providers/desktop.py:17: error: Skipping analyzing "plyer": module is installed, but missing library stubs or py.typed marker  [import-untyped]
lb_ui/notifications/providers/desktop.py:24: error: Cannot assign to a type  [misc]
lb_ui/notifications/providers/desktop.py:24: error: Incompatible types in assignment (expression has type "None", variable has type "type[DesktopNotifier]")  [assignment]
lb_ui/notifications/providers/desktop.py:90: error: Argument "app_icon" to "DesktopNotifier" has incompatible type "str | None"; expected "Icon | None"  [arg-type]
lb_ui/notifications/providers/desktop.py:95: error: Argument "icon" to "send" of "DesktopNotifier" has incompatible type "str | None"; expected "Icon | None"  [arg-type]
lb_analytics/engine/aggregators/data_handler.py:13: error: Library stubs not installed for "pandas"  [import-untyped]
lb_plugins/plugins/dfaas/config.py:10: error: Library stubs not installed for "yaml"  [import-untyped]
lb_plugins/plugins/dfaas/config.py:10: note: Hint: "python3 -m pip install types-PyYAML"
lb_controller/services/run_catalog_service.py:103: error: Returning Any from function declared to return "dict[str, Any]"  [no-any-return]
tests/unit/lint/test_import_boundaries.py:36: error: Function is missing a return type annotation  [no-untyped-def]
tests/unit/lint/test_import_boundaries.py:43: error: Function is missing a return type annotation  [no-untyped-def]
tests/unit/lint/test_import_boundaries.py:43: note: Use "-> None" if function does not return a value
tests/unit/lb_plugins/test_dfaas_playbooks.py:5: error: Library stubs not installed for "yaml"  [import-untyped]
tests/unit/lb_plugins/test_dfaas_playbooks.py:128: error: Need type annotation for "defined" (hint: "defined: set[<type>] = ...")  [var-annotated]
tests/unit/lb_plugins/test_dfaas_grafana_dashboard.py:12: error: Returning Any from function declared to return "dict[Any, Any]"  [no-any-return]
tests/unit/lb_controller/test_collect_playbook.py:4: error: Library stubs not installed for "yaml"  [import-untyped]
tests/unit/lb_common/test_entrypoints.py:18: error: Function is missing a return type annotation  [no-untyped-def]
tests/unit/lb_common/test_entrypoints.py:18: note: Use "-> None" if function does not return a value
tests/unit/lb_common/test_entrypoints.py:35: error: Function is missing a return type annotation  [no-untyped-def]
tests/unit/common/test_setup_playbook_sync.py:6: error: Library stubs not installed for "yaml"  [import-untyped]
tests/unit/common/test_jsonl_handler.py:12: error: Function is missing a type annotation for one or more arguments  [no-untyped-def]
tests/unit/common/test_jsonl_handler.py:43: error: Function is missing a type annotation for one or more arguments  [no-untyped-def]
tests/unit/common/test_grafana_client.py:27: error: Function is missing a type annotation for one or more arguments  [no-untyped-def]
tests/unit/common/test_grafana_client.py:27: error: "bool" is invalid as return type for "__exit__" that always returns False  [exit-return]
tests/unit/common/test_grafana_client.py:27: note: Use "typing.Literal[False]" as the return type or change it to "None"
tests/unit/common/test_grafana_client.py:27: note: If return type of "__exit__" implies that it may return True, the context manager may swallow exceptions
tests/unit/common/test_grafana_client.py:119: error: Argument "hdrs" to "HTTPError" has incompatible type "None"; expected "Message[str, str]"  [arg-type]
tests/unit/common/test_grafana_client.py:168: error: Incompatible return value type (got "tuple[int, object]", expected "tuple[int, dict[Any, Any] | None]")  [return-value]
tests/integration/test_ansible_loki_env.py:2: error: Library stubs not installed for "yaml"  [import-untyped]
tests/integration/test_ansible_loki_env.py:6: error: Function is missing a return type annotation  [no-untyped-def]
tests/integration/test_ansible_loki_env.py:6: note: Use "-> None" if function does not return a value
lb_analytics/engine/service.py:42: error: Unused "type: ignore" comment  [unused-ignore]
lb_provisioner/services/utils.py:6: error: Function is missing a type annotation for one or more arguments  [no-untyped-def]
lb_provisioner/providers/multipass.py:73: error: Cannot infer type of lambda  [misc]
lb_provisioner/providers/multipass.py:146: error: Returning Any from function declared to return "str"  [no-any-return]
lb_provisioner/providers/docker.py:72: error: Cannot infer type of lambda  [misc]
lb_provisioner/providers/docker.py:96: error: Returning Any from function declared to return "int"  [no-any-return]
lb_plugins/installer.py:149: error: No overload variant matches argument types "Path", "str"  [call-overload]
lb_plugins/installer.py:149: note: Possible overload variants:
lb_plugins/installer.py:149: note:     def (name: str | bytes | PathLike[str] | PathLike[bytes] | None = ..., mode: Literal['r', 'r:*', 'r:', 'r:gz', 'r:bz2', 'r:xz'] = ..., fileobj: _Fileobj | None = ..., bufsize: int = ..., *, format: int | None = ..., tarinfo: type[TarInfo] | None = ..., dereference: bool | None = ..., ignore_zeros: bool | None = ..., encoding: str | None = ..., errors: str = ..., pax_headers: Mapping[str, str] | None = ..., debug: int | None = ..., errorlevel: int | None = ...) -> TarFile
lb_plugins/installer.py:149: note:     def (name: str | bytes | PathLike[str] | PathLike[bytes] | None, mode: Literal['x', 'x:', 'a', 'a:', 'w', 'w:', 'w:tar'], fileobj: _Fileobj | None = ..., bufsize: int = ..., *, format: int | None = ..., tarinfo: type[TarInfo] | None = ..., dereference: bool | None = ..., ignore_zeros: bool | None = ..., encoding: str | None = ..., errors: str = ..., pax_headers: Mapping[str, str] | None = ..., debug: int | None = ..., errorlevel: int | None = ...) -> TarFile
lb_plugins/installer.py:149: note:     def (name: str | bytes | PathLike[str] | PathLike[bytes] | None = ..., *, mode: Literal['x', 'x:', 'a', 'a:', 'w', 'w:', 'w:tar'], fileobj: _Fileobj | None = ..., bufsize: int = ..., format: int | None = ..., tarinfo: type[TarInfo] | None = ..., dereference: bool | None = ..., ignore_zeros: bool | None = ..., encoding: str | None = ..., errors: str = ..., pax_headers: Mapping[str, str] | None = ..., debug: int | None = ..., errorlevel: int | None = ...) -> TarFile
lb_plugins/installer.py:149: note:     def (name: str | bytes | PathLike[str] | PathLike[bytes] | None, mode: Literal['x:gz', 'x:bz2', 'w:gz', 'w:bz2'], fileobj: _Fileobj | None = ..., bufsize: int = ..., *, format: int | None = ..., tarinfo: type[TarInfo] | None = ..., dereference: bool | None = ..., ignore_zeros: bool | None = ..., encoding: str | None = ..., errors: str = ..., pax_headers: Mapping[str, str] | None = ..., debug: int | None = ..., errorlevel: int | None = ..., compresslevel: int = ...) -> TarFile
lb_plugins/installer.py:149: note:     def (name: str | bytes | PathLike[str] | PathLike[bytes] | None = ..., *, mode: Literal['x:gz', 'x:bz2', 'w:gz', 'w:bz2'], fileobj: _Fileobj | None = ..., bufsize: int = ..., format: int | None = ..., tarinfo: type[TarInfo] | None = ..., dereference: bool | None = ..., ignore_zeros: bool | None = ..., encoding: str | None = ..., errors: str = ..., pax_headers: Mapping[str, str] | None = ..., debug: int | None = ..., errorlevel: int | None = ..., compresslevel: int = ...) -> TarFile
lb_plugins/installer.py:149: note:     def (name: str | bytes | PathLike[str] | PathLike[bytes] | None, mode: Literal['x:xz', 'w:xz'], fileobj: _Fileobj | None = ..., bufsize: int = ..., *, format: int | None = ..., tarinfo: type[TarInfo] | None = ..., dereference: bool | None = ..., ignore_zeros: bool | None = ..., encoding: str | None = ..., errors: str = ..., pax_headers: Mapping[str, str] | None = ..., debug: int | None = ..., errorlevel: int | None = ..., preset: Literal[0, 1, 2, 3, 4, 5, 6, 7, 8, 9] | None = ...) -> TarFile
lb_plugins/installer.py:149: note:     def (name: str | bytes | PathLike[str] | PathLike[bytes] | None = ..., *, mode: Literal['x:xz', 'w:xz'], fileobj: _Fileobj | None = ..., bufsize: int = ..., format: int | None = ..., tarinfo: type[TarInfo] | None = ..., dereference: bool | None = ..., ignore_zeros: bool | None = ..., encoding: str | None = ..., errors: str = ..., pax_headers: Mapping[str, str] | None = ..., debug: int | None = ..., errorlevel: int | None = ..., preset: Literal[0, 1, 2, 3, 4, 5, 6, 7, 8, 9] | None = ...) -> TarFile
lb_plugins/installer.py:149: note:     def (name: str | bytes | PathLike[str] | PathLike[bytes] | Buffer | None, mode: Literal['r|*', 'r|', 'r|gz', 'r|bz2', 'r|xz', 'r|zst'], fileobj: _Fileobj | None = ..., bufsize: int = ..., *, format: int | None = ..., tarinfo: type[TarInfo] | None = ..., dereference: bool | None = ..., ignore_zeros: bool | None = ..., encoding: str | None = ..., errors: str = ..., pax_headers: Mapping[str, str] | None = ..., debug: int | None = ..., errorlevel: int | None = ...) -> TarFile
lb_plugins/installer.py:149: note:     def (name: str | bytes | PathLike[str] | PathLike[bytes] | Buffer | None = ..., *, mode: Literal['r|*', 'r|', 'r|gz', 'r|bz2', 'r|xz', 'r|zst'], fileobj: _Fileobj | None = ..., bufsize: int = ..., format: int | None = ..., tarinfo: type[TarInfo] | None = ..., dereference: bool | None = ..., ignore_zeros: bool | None = ..., encoding: str | None = ..., errors: str = ..., pax_headers: Mapping[str, str] | None = ..., debug: int | None = ..., errorlevel: int | None = ...) -> TarFile
lb_plugins/installer.py:149: note:     def (name: str | bytes | PathLike[str] | PathLike[bytes] | Buffer | None, mode: Literal['w|', 'w|xz', 'w|zst'], fileobj: _Fileobj | None = ..., bufsize: int = ..., *, format: int | None = ..., tarinfo: type[TarInfo] | None = ..., dereference: bool | None = ..., ignore_zeros: bool | None = ..., encoding: str | None = ..., errors: str = ..., pax_headers: Mapping[str, str] | None = ..., debug: int | None = ..., errorlevel: int | None = ...) -> TarFile
lb_plugins/installer.py:149: note:     def (name: str | bytes | PathLike[str] | PathLike[bytes] | Buffer | None = ..., *, mode: Literal['w|', 'w|xz', 'w|zst'], fileobj: _Fileobj | None = ..., bufsize: int = ..., format: int | None = ..., tarinfo: type[TarInfo] | None = ..., dereference: bool | None = ..., ignore_zeros: bool | None = ..., encoding: str | None = ..., errors: str = ..., pax_headers: Mapping[str, str] | None = ..., debug: int | None = ..., errorlevel: int | None = ...) -> TarFile
lb_plugins/installer.py:149: note:     def (name: str | bytes | PathLike[str] | PathLike[bytes] | Buffer | None, mode: Literal['w|gz', 'w|bz2'], fileobj: _Fileobj | None = ..., bufsize: int = ..., *, format: int | None = ..., tarinfo: type[TarInfo] | None = ..., dereference: bool | None = ..., ignore_zeros: bool | None = ..., encoding: str | None = ..., errors: str = ..., pax_headers: Mapping[str, str] | None = ..., debug: int | None = ..., errorlevel: int | None = ..., compresslevel: int = ...) -> TarFile
lb_plugins/installer.py:149: note:     def (name: str | bytes | PathLike[str] | PathLike[bytes] | Buffer | None = ..., *, mode: Literal['w|gz', 'w|bz2'], fileobj: _Fileobj | None = ..., bufsize: int = ..., format: int | None = ..., tarinfo: type[TarInfo] | None = ..., dereference: bool | None = ..., ignore_zeros: bool | None = ..., encoding: str | None = ..., errors: str = ..., pax_headers: Mapping[str, str] | None = ..., debug: int | None = ..., errorlevel: int | None = ..., compresslevel: int = ...) -> TarFile
tests/unit/lb_plugins/test_dfaas_config.py:38: error: Argument "rates" to "DfaasConfig" has incompatible type "dict[str, int]"; expected "DfaasRatesConfig"  [arg-type]
tests/unit/lb_plugins/test_dfaas_config.py:48: error: Argument "rates" to "DfaasConfig" has incompatible type "dict[str, int]"; expected "DfaasRatesConfig"  [arg-type]
lb_plugins/plugins/dfaas/services/k6_runner.py:16: error: Skipping analyzing "fabric": module is installed, but missing library stubs or py.typed marker  [import-untyped]
lb_ui/services/assets.py:14: error: Incompatible types in assignment (expression has type "None", variable has type Module)  [assignment]
lb_ui/services/assets.py:48: error: Statement is unreachable  [unreachable]
lb_ui/services/assets.py:53: error: Incompatible types in assignment (expression has type "Image", variable has type "ImageFile")  [assignment]
lb_ui/services/assets.py:60: error: Incompatible types in assignment (expression has type "Image", variable has type "ImageFile")  [assignment]
lb_ui/tui/system/components/picker.py:91: error: Need type annotation for "app"  [var-annotated]
lb_ui/tui/system/components/picker.py:239: error: Returning Any from function declared to return "_Node | None"  [no-any-return]
lb_ui/tui/system/components/picker.py:276: error: Need type annotation for "app"  [var-annotated]
lb_ui/tui/system/components/picker.py:523: error: Returning Any from function declared to return "list[PickItem] | None"  [no-any-return]
lb_ui/tui/system/components/picker.py:891: error: Returning Any from function declared to return "PickItem | None"  [no-any-return]
lb_ui/tui/system/components/picker.py:914: error: Returning Any from function declared to return "list[PickItem] | None"  [no-any-return]
lb_ui/tui/system/components/hierarchical_picker.py:63: error: Need type annotation for "app"  [var-annotated]
lb_ui/tui/system/components/hierarchical_picker.py:127: error: Function is missing a type annotation for one or more arguments  [no-untyped-def]
lb_ui/tui/system/components/hierarchical_picker.py:132: error: Function is missing a type annotation for one or more arguments  [no-untyped-def]
lb_ui/tui/system/components/hierarchical_picker.py:137: error: Function is missing a type annotation for one or more arguments  [no-untyped-def]
lb_ui/tui/system/components/hierarchical_picker.py:158: error: Function is missing a type annotation for one or more arguments  [no-untyped-def]
lb_ui/tui/system/components/hierarchical_picker.py:175: error: Function is missing a type annotation for one or more arguments  [no-untyped-def]
lb_ui/tui/system/components/hierarchical_picker.py:179: error: Function is missing a type annotation for one or more arguments  [no-untyped-def]
lb_ui/tui/system/components/hierarchical_picker.py:185: error: Function is missing a type annotation for one or more arguments  [no-untyped-def]
lb_ui/tui/system/components/hierarchical_picker.py:191: error: Returning Any from function declared to return "SelectionNode | None"  [no-any-return]
lb_plugins/registry.py:63: error: Subclass of "dict[str, Any]" and "BasePluginConfig" cannot exist: would have incompatible method signatures  [unreachable]
lb_plugins/registry.py:64: error: Statement is unreachable  [unreachable]
lb_plugins/registry.py:68: error: Returning Any from function declared to return "BaseGenerator"  [no-any-return]
lb_plugins/settings.py:112: error: Invalid type comment or annotation  [valid-type]
lb_plugins/settings.py:127: error: Argument 1 to "asdict" has incompatible type "DataclassInstance | type[DataclassInstance]"; expected "DataclassInstance"  [arg-type]
lb_plugins/settings.py:143: error: Invalid type comment or annotation  [valid-type]
tests/unit/lb_plugins/test_dfaas_k6_runner_fabric.py:11: error: Skipping analyzing "fabric": module is installed, but missing library stubs or py.typed marker  [import-untyped]
tests/unit/lb_plugins/test_dfaas_k6_runner_fabric.py:19: error: Function is missing a return type annotation  [no-untyped-def]
tests/unit/lb_plugins/test_dfaas_k6_runner_fabric.py:35: error: Function is missing a type annotation  [no-untyped-def]
tests/unit/lb_plugins/test_dfaas_k6_runner_fabric.py:54: error: Function is missing a type annotation  [no-untyped-def]
tests/unit/lb_plugins/test_dfaas_k6_runner_fabric.py:118: error: Function is missing a type annotation  [no-untyped-def]
tests/unit/lb_plugins/test_dfaas_k6_runner_fabric.py:142: error: Function is missing a type annotation  [no-untyped-def]
tests/unit/lb_plugins/test_dfaas_k6_runner_fabric.py:164: error: Function is missing a type annotation  [no-untyped-def]
lb_ui/services/tray.py:13: error: Skipping analyzing "pystray": module is installed, but missing library stubs or py.typed marker  [import-untyped]
lb_ui/services/tray.py:15: error: Incompatible types in assignment (expression has type "None", variable has type Module)  [assignment]
lb_ui/services/tray.py:68: error: Incompatible types in assignment (expression has type "SpawnProcess", variable has type "Process | None")  [assignment]
lb_ui/services/tray.py:73: error: Item "None" of "Process | None" has no attribute "start"  [union-attr]
tests/unit/lb_runner/test_plugin_registry_user_plugins.py:20: error: Function is missing a type annotation  [no-untyped-def]
tests/unit/lb_runner/test_plugin_registry_user_plugins.py:31: error: Function is missing a type annotation  [no-untyped-def]
tests/unit/lb_runner/test_plugin_parsers.py:22: error: Function is missing a type annotation  [no-untyped-def]
tests/unit/lb_runner/test_plugin_parsers.py:33: error: Unused "type: ignore" comment  [unused-ignore]
tests/unit/lb_runner/test_plugin_parsers.py:43: error: Function is missing a return type annotation  [no-untyped-def]
tests/unit/lb_runner/test_plugin_parsers.py:43: note: Use "-> None" if function does not return a value
tests/unit/lb_runner/test_plugin_parsers.py:54: error: Unused "type: ignore" comment  [unused-ignore]
tests/unit/lb_runner/test_plugin_parsers.py:59: error: Function is missing a type annotation  [no-untyped-def]
tests/unit/lb_runner/test_plugin_parsers.py:74: error: Function is missing a type annotation  [no-untyped-def]
tests/unit/lb_runner/test_plugin_parsers.py:84: error: Unused "type: ignore" comment  [unused-ignore]
tests/unit/lb_runner/test_plugin_parsers.py:109: error: Unused "type: ignore" comment  [unused-ignore]
tests/unit/lb_runner/test_plugin_exports.py:8: error: Library stubs not installed for "pandas"  [import-untyped]
tests/unit/lb_runner/plugins/test_stream.py:19: error: Function is missing a return type annotation  [no-untyped-def]
tests/unit/lb_runner/plugins/test_stream.py:24: error: Function is missing a type annotation  [no-untyped-def]
tests/unit/lb_runner/plugins/test_stream.py:28: error: Function is missing a type annotation  [no-untyped-def]
tests/unit/lb_runner/plugins/test_stream.py:36: error: Function is missing a return type annotation  [no-untyped-def]
tests/unit/lb_runner/plugins/test_stream.py:36: note: Use "-> None" if function does not return a value
tests/unit/lb_runner/plugins/test_stream.py:43: error: Function is missing a type annotation  [no-untyped-def]
tests/unit/lb_runner/plugins/test_stream.py:59: error: Function is missing a type annotation  [no-untyped-def]
tests/unit/lb_runner/plugins/test_stream.py:66: error: Function is missing a type annotation  [no-untyped-def]
tests/unit/lb_runner/plugins/test_stream.py:76: error: Function is missing a type annotation  [no-untyped-def]
tests/unit/lb_runner/plugins/test_stream.py:88: error: Function is missing a type annotation  [no-untyped-def]
tests/unit/lb_runner/plugins/test_stream.py:97: error: Function is missing a type annotation  [no-untyped-def]
tests/unit/lb_runner/plugins/test_stream.py:107: error: Function is missing a type annotation  [no-untyped-def]
tests/unit/lb_runner/plugins/test_stream.py:131: error: Function is missing a type annotation  [no-untyped-def]
tests/unit/lb_runner/plugins/test_stream.py:147: error: Function is missing a type annotation  [no-untyped-def]
tests/unit/lb_runner/plugins/test_stream.py:151: error: Function is missing a return type annotation  [no-untyped-def]
tests/unit/lb_runner/plugins/test_stream.py:164: error: Function is missing a type annotation  [no-untyped-def]
tests/unit/lb_runner/plugins/test_pts_ramspeed.py:13: error: Function is missing a return type annotation  [no-untyped-def]
tests/unit/lb_runner/plugins/test_pts_ramspeed.py:13: note: Use "-> None" if function does not return a value
tests/unit/lb_runner/plugins/test_pts_ramspeed.py:23: error: Function is missing a return type annotation  [no-untyped-def]
tests/unit/lb_runner/plugins/test_pts_ramspeed.py:23: note: Use "-> None" if function does not return a value
tests/unit/lb_runner/plugins/test_pts_gmpbench.py:13: error: Function is missing a return type annotation  [no-untyped-def]
tests/unit/lb_runner/plugins/test_pts_gmpbench.py:13: note: Use "-> None" if function does not return a value
tests/unit/lb_runner/plugins/test_pts_gmpbench.py:23: error: Function is missing a return type annotation  [no-untyped-def]
tests/unit/lb_runner/plugins/test_pts_gmpbench.py:23: note: Use "-> None" if function does not return a value
tests/unit/lb_runner/plugins/test_baseline_plugin.py:22: error: Function is missing a return type annotation  [no-untyped-def]
tests/unit/lb_runner/plugins/test_baseline_plugin.py:22: note: Use "-> None" if function does not return a value
tests/unit/lb_runner/plugins/test_baseline_plugin.py:29: error: Function is missing a return type annotation  [no-untyped-def]
tests/unit/lb_runner/plugins/test_baseline_plugin.py:29: note: Use "-> None" if function does not return a value
tests/unit/lb_runner/plugins/test_baseline_plugin.py:35: error: Function is missing a return type annotation  [no-untyped-def]
tests/unit/lb_runner/plugins/test_baseline_plugin.py:35: note: Use "-> None" if function does not return a value
tests/unit/lb_runner/plugins/test_baseline_plugin.py:45: error: Function is missing a return type annotation  [no-untyped-def]
tests/unit/lb_runner/plugins/test_baseline_plugin.py:45: note: Use "-> None" if function does not return a value
tests/unit/lb_runner/plugins/test_baseline_plugin.py:50: error: Function is missing a return type annotation  [no-untyped-def]
tests/unit/lb_runner/plugins/test_baseline_plugin.py:50: note: Use "-> None" if function does not return a value
tests/unit/lb_runner/plugins/test_baseline_plugin.py:57: error: Function is missing a return type annotation  [no-untyped-def]
tests/unit/lb_runner/plugins/test_baseline_plugin.py:57: note: Use "-> None" if function does not return a value
tests/unit/lb_runner/plugins/test_baseline_plugin.py:59: error: Item "None" of "BaselineConfig | None" has no attribute "duration"  [union-attr]
tests/unit/lb_runner/plugins/test_baseline_plugin.py:60: error: Item "None" of "BaselineConfig | None" has no attribute "max_retries"  [union-attr]
tests/unit/lb_runner/plugins/test_baseline_plugin.py:63: error: Item "None" of "BaselineConfig | None" has no attribute "duration"  [union-attr]
tests/unit/lb_runner/plugins/test_baseline_plugin.py:66: error: Item "None" of "BaselineConfig | None" has no attribute "duration"  [union-attr]
tests/unit/lb_runner/plugins/test_baseline_plugin.py:71: error: Function is missing a return type annotation  [no-untyped-def]
tests/unit/lb_runner/plugins/test_baseline_plugin.py:71: note: Use "-> None" if function does not return a value
tests/unit/lb_runner/plugins/test_baseline_plugin.py:77: error: Function is missing a type annotation  [no-untyped-def]
tests/unit/lb_runner/plugins/test_baseline_plugin.py:86: error: Function is missing a type annotation  [no-untyped-def]
tests/unit/lb_runner/plugins/test_baseline_plugin.py:99: error: Function is missing a type annotation  [no-untyped-def]
tests/unit/lb_runner/plugins/test_baseline_plugin.py:113: error: Function is missing a type annotation  [no-untyped-def]
tests/unit/lb_runner/plugins/test_baseline_plugin.py:131: error: Function is missing a type annotation  [no-untyped-def]
tests/unit/lb_runner/plugins/test_baseline_plugin.py:141: error: Function is missing a type annotation  [no-untyped-def]
tests/unit/lb_runner/plugins/test_baseline_plugin.py:148: error: Function is missing a return type annotation  [no-untyped-def]
tests/unit/lb_runner/plugins/test_baseline_plugin.py:148: note: Use "-> None" if function does not return a value
tests/unit/lb_runner/plugins/test_baseline_plugin.py:153: error: Function is missing a return type annotation  [no-untyped-def]
tests/unit/lb_runner/plugins/test_baseline_plugin.py:153: note: Use "-> None" if function does not return a value
tests/unit/lb_runner/plugins/test_baseline_plugin.py:170: error: Function is missing a return type annotation  [no-untyped-def]
tests/unit/lb_runner/plugins/test_baseline_plugin.py:170: note: Use "-> None" if function does not return a value
tests/unit/lb_runner/plugins/test_baseline_plugin.py:197: error: Function is missing a type annotation  [no-untyped-def]
tests/unit/common/test_yabs_plugin.py:14: error: Function is missing a return type annotation  [no-untyped-def]
tests/unit/common/test_yabs_plugin.py:14: note: Use "-> None" if function does not return a value
tests/unit/common/test_yabs_plugin.py:26: error: Function is missing a return type annotation  [no-untyped-def]
tests/unit/common/test_yabs_plugin.py:26: note: Use "-> None" if function does not return a value
tests/unit/common/test_yabs_plugin.py:35: error: Function is missing a return type annotation  [no-untyped-def]
tests/unit/common/test_yabs_plugin.py:35: note: Use "-> None" if function does not return a value
tests/unit/common/test_yabs_plugin.py:41: error: Function is missing a type annotation  [no-untyped-def]
tests/unit/common/test_yabs_plugin.py:48: error: Function is missing a type annotation  [no-untyped-def]
tests/unit/common/test_yabs_plugin.py:53: error: Function is missing a type annotation  [no-untyped-def]
tests/unit/common/test_yabs_plugin.py:58: error: Function is missing a type annotation  [no-untyped-def]
tests/unit/common/test_yabs_plugin.py:61: error: Function is missing a type annotation  [no-untyped-def]
tests/unit/common/test_yabs_plugin.py:79: error: Function is missing a type annotation  [no-untyped-def]
tests/unit/common/test_yabs_plugin.py:87: error: Function is missing a type annotation  [no-untyped-def]
tests/unit/common/test_yabs_plugin.py:92: error: Function is missing a type annotation  [no-untyped-def]
tests/unit/common/test_yabs_plugin.py:105: error: Function is missing a type annotation  [no-untyped-def]
tests/unit/common/test_yabs_plugin.py:108: error: Function is missing a type annotation  [no-untyped-def]
tests/unit/common/test_sysbench_plugin.py:67: error: Function is missing a type annotation  [no-untyped-def]
tests/unit/common/test_plugin_registry.py:46: error: Function is missing a return type annotation  [no-untyped-def]
tests/unit/common/test_plugin_registry.py:58: error: Function is missing a return type annotation  [no-untyped-def]
tests/unit/common/test_plugin_registry.py:61: error: Argument 1 of "create_generator" is incompatible with supertype "lb_plugins.interface.WorkloadPlugin"; supertype defines the argument type as "BasePluginConfig"  [override]
tests/unit/common/test_plugin_registry.py:61: note: This violates the Liskov substitution principle
tests/unit/common/test_plugin_registry.py:61: note: See https://mypy.readthedocs.io/en/stable/common_issues.html#incompatible-overrides
tests/unit/common/test_plugin_registry.py:73: error: Function is missing a type annotation  [no-untyped-def]
tests/unit/common/test_plugin_registry.py:79: error: Function is missing a return type annotation  [no-untyped-def]
tests/unit/common/test_plugin_registry.py:79: note: Use "-> None" if function does not return a value
tests/unit/common/test_plugin_registry.py:83: error: Function is missing a type annotation  [no-untyped-def]
tests/unit/common/test_plugin_registry.py:94: error: Function is missing a type annotation  [no-untyped-def]
tests/unit/common/test_plugin_registry.py:102: error: Function is missing a type annotation  [no-untyped-def]
tests/unit/common/test_plugin_registry.py:116: error: Function is missing a type annotation  [no-untyped-def]
tests/unit/common/test_plugin_registry.py:163: error: Function is missing a type annotation  [no-untyped-def]
tests/unit/common/test_geekbench_plugin.py:15: error: Function is missing a return type annotation  [no-untyped-def]
tests/unit/common/test_geekbench_plugin.py:15: note: Use "-> None" if function does not return a value
tests/unit/common/test_geekbench_plugin.py:28: error: Function is missing a return type annotation  [no-untyped-def]
tests/unit/common/test_geekbench_plugin.py:28: note: Use "-> None" if function does not return a value
tests/unit/common/test_geekbench_plugin.py:35: error: Item "None" of "Path | None" has no attribute "exists"  [union-attr]
tests/unit/common/test_geekbench_plugin.py:38: error: Function is missing a type annotation  [no-untyped-def]
tests/unit/common/test_geekbench_plugin.py:67: error: Function is missing a type annotation  [no-untyped-def]
tests/unit/common/test_geekbench_plugin.py:72: error: Function is missing a type annotation  [no-untyped-def]
tests/unit/common/test_geekbench_plugin.py:150: error: Function is missing a type annotation  [no-untyped-def]
tests/unit/common/test_geekbench_plugin.py:159: error: Function is missing a type annotation  [no-untyped-def]
tests/unit/common/test_geekbench_plugin.py:162: error: Function is missing a type annotation  [no-untyped-def]
tests/unit/common/test_geekbench_plugin.py:165: error: Function is missing a type annotation  [no-untyped-def]
tests/unit/common/test_geekbench_plugin.py:168: error: Function is missing a type annotation  [no-untyped-def]
tests/unit/common/test_geekbench_plugin.py:171: error: Function is missing a type annotation  [no-untyped-def]
tests/unit/common/test_fio_plugin_export.py:11: error: Function is missing a return type annotation  [no-untyped-def]
tests/unit/common/test_fio_plugin.py:15: error: Function is missing a return type annotation  [no-untyped-def]
tests/unit/common/test_fio_plugin.py:15: note: Use "-> None" if function does not return a value
tests/unit/common/test_fio_plugin.py:50: error: Function is missing a type annotation  [no-untyped-def]
tests/unit/lb_ui/test_tray_manager.py:10: error: Function is missing a type annotation for one or more arguments  [no-untyped-def]
tests/unit/lb_ui/test_tray_manager.py:16: error: Function is missing a return type annotation  [no-untyped-def]
tests/unit/lb_ui/test_notifier.py:11: error: Function is missing a return type annotation  [no-untyped-def]
tests/unit/lb_ui/test_notifier.py:11: note: Use "-> None" if function does not return a value
tests/unit/lb_ui/test_notifier.py:16: error: Function is missing a return type annotation  [no-untyped-def]
tests/unit/lb_ui/test_notifier.py:16: note: Use "-> None" if function does not return a value
tests/unit/lb_ui/test_notifier.py:23: error: Function is missing a type annotation  [no-untyped-def]
tests/unit/lb_ui/test_notifier.py:39: error: Function is missing a type annotation  [no-untyped-def]
tests/unit/lb_ui/test_notifier.py:58: error: Function is missing a type annotation  [no-untyped-def]
tests/unit/lb_ui/test_notifier.py:68: error: Function is missing a type annotation  [no-untyped-def]
lb_runner/services/collector_coordinator.py:19: error: Returning Any from function declared to return "list[Any]"  [no-any-return]
tests/unit/lb_provisioner/test_loki_grafana.py:20: error: Function is missing a return type annotation  [no-untyped-def]
tests/unit/lb_provisioner/test_loki_grafana.py:23: error: Function is missing a return type annotation  [no-untyped-def]
tests/unit/lb_provisioner/test_loki_grafana.py:23: error: Function is missing a type annotation for one or more arguments  [no-untyped-def]
tests/unit/lb_provisioner/test_loki_grafana.py:37: error: Function is missing a return type annotation  [no-untyped-def]
tests/unit/lb_provisioner/test_loki_grafana.py:37: error: Function is missing a type annotation for one or more arguments  [no-untyped-def]
tests/unit/lb_provisioner/test_loki_grafana.py:96: error: Argument "client" to "configure_grafana" has incompatible type "DummyGrafanaClient"; expected "GrafanaClient | None"  [arg-type]
lb_runner/services/runner_output_manager.py:58: error: Function is missing a type annotation for one or more arguments  [no-untyped-def]
lb_runner/metric_collectors/builtin.py:40: error: Variable "lb_runner.metric_collectors.builtin.PSUtilCollector" is not valid as a type  [valid-type]
lb_runner/metric_collectors/builtin.py:40: note: See https://mypy.readthedocs.io/en/stable/common_issues.html#variables-vs-type-aliases
lb_runner/metric_collectors/builtin.py:43: error: Returning Any from function declared to return PSUtilCollector?  [no-any-return]
lb_runner/metric_collectors/builtin.py:49: error: Variable "lb_runner.metric_collectors.builtin.CLICollector" is not valid as a type  [valid-type]
lb_runner/metric_collectors/builtin.py:49: note: See https://mypy.readthedocs.io/en/stable/common_issues.html#variables-vs-type-aliases
lb_runner/metric_collectors/builtin.py:52: error: Returning Any from function declared to return CLICollector?  [no-any-return]
tests/unit/lb_provisioner/test_multipass_lifecycle.py:11: error: Function is missing a return type annotation  [no-untyped-def]
tests/unit/lb_provisioner/test_multipass_lifecycle.py:19: error: Function is missing a type annotation  [no-untyped-def]
tests/unit/lb_provisioner/test_multipass_lifecycle.py:27: error: Function is missing a type annotation  [no-untyped-def]
tests/unit/lb_provisioner/test_multipass_lifecycle.py:35: error: Function is missing a type annotation  [no-untyped-def]
lb_analytics/reporting/generator.py:8: error: Library stubs not installed for "pandas"  [import-untyped]
lb_analytics/reporting/generator.py:72: error: Library stubs not installed for "seaborn"  [import-untyped]
lb_analytics/reporting/generator.py:72: note: Hint: "python3 -m pip install types-seaborn"
lb_runner/engine/runner.py:103: error: Argument 1 to "RunnerRegistry" has incompatible type "PluginRegistry | RunnerRegistry"; expected "PluginRegistry"  [arg-type]
tests/unit/lb_analytics/test_data_handler_builtin.py:10: error: Function is missing a return type annotation  [no-untyped-def]
tests/unit/lb_analytics/test_data_handler_builtin.py:10: note: Use "-> None" if function does not return a value
tests/unit/lb_analytics/test_data_handler_builtin.py:25: error: Argument 2 to "process_test_results" of "DataHandler" has incompatible type "list[dict[str, object]]"; expected "list[TestResult]"  [arg-type]
tests/unit/lb_analytics/test_data_handler_builtin.py:33: error: Function is missing a return type annotation  [no-untyped-def]
tests/unit/lb_analytics/test_data_handler_builtin.py:33: note: Use "-> None" if function does not return a value
tests/unit/lb_analytics/test_data_handler_builtin.py:48: error: Argument 2 to "process_test_results" of "DataHandler" has incompatible type "list[dict[str, object]]"; expected "list[TestResult]"  [arg-type]
tests/unit/lb_analytics/test_data_handler_builtin.py:55: error: Function is missing a return type annotation  [no-untyped-def]
tests/unit/lb_analytics/test_data_handler_builtin.py:57: error: Function is missing a return type annotation  [no-untyped-def]
tests/unit/lb_analytics/test_data_handler_builtin.py:69: error: Argument 2 to "process_test_results" of "DataHandler" has incompatible type "list[dict[str, object]]"; expected "list[TestResult]"  [arg-type]
tests/unit/lb_analytics/test_collectors.py:1: error: Library stubs not installed for "pandas"  [import-untyped]
tests/unit/lb_analytics/test_collectors.py:9: error: Function is missing a return type annotation  [no-untyped-def]
tests/unit/lb_analytics/test_collectors.py:9: note: Use "-> None" if function does not return a value
tests/unit/lb_analytics/test_collectors.py:14: error: Function is missing a return type annotation  [no-untyped-def]
tests/unit/lb_analytics/test_collectors.py:14: note: Use "-> None" if function does not return a value
tests/unit/lb_analytics/test_collectors.py:43: error: Function is missing a return type annotation  [no-untyped-def]
tests/unit/lb_analytics/test_collectors.py:43: note: Use "-> None" if function does not return a value
tests/unit/common/test_data_handler.py:1: error: Library stubs not installed for "pandas"  [import-untyped]
tests/unit/common/test_data_handler.py:10: error: Function is missing a return type annotation  [no-untyped-def]
tests/unit/common/test_data_handler.py:13: error: Function is missing a return type annotation  [no-untyped-def]
tests/unit/common/test_data_handler.py:18: error: Function is missing a type annotation  [no-untyped-def]
tests/unit/common/test_data_handler.py:38: error: Argument 2 to "process_test_results" of "DataHandler" has incompatible type "list[dict[str, object]]"; expected "list[TestResult]"  [arg-type]
tests/unit/lb_runner/test_output_helpers.py:9: error: Function is missing a return type annotation  [no-untyped-def]
tests/unit/lb_runner/test_local_runner_unit.py:81: error: Cannot assign to a method  [method-assign]
tests/unit/lb_runner/test_local_runner_unit.py:82: error: Cannot assign to a method  [method-assign]
tests/unit/lb_runner/test_local_runner_progress.py:30: error: Cannot assign to a method  [method-assign]
tests/unit/lb_runner/test_local_runner_progress.py:31: error: Cannot assign to a method  [method-assign]
tests/unit/lb_runner/test_local_runner_progress.py:32: error: Cannot assign to a method  [method-assign]
tests/unit/lb_runner/test_local_runner_progress.py:33: error: Cannot assign to a method  [method-assign]
tests/unit/lb_runner/test_local_runner_progress.py:34: error: Cannot assign to a method  [method-assign]
tests/unit/lb_runner/test_local_runner_progress.py:55: error: Cannot assign to a method  [method-assign]
tests/unit/lb_runner/test_local_runner_progress.py:56: error: Cannot assign to a method  [method-assign]
tests/unit/lb_runner/test_local_runner_progress.py:57: error: Cannot assign to a method  [method-assign]
tests/unit/lb_runner/test_local_runner_progress.py:58: error: Cannot assign to a method  [method-assign]
tests/unit/lb_runner/test_local_runner_progress.py:59: error: Cannot assign to a method  [method-assign]
tests/unit/lb_runner/test_local_runner_helpers.py:13: error: Function is missing a type annotation  [no-untyped-def]
tests/unit/lb_runner/test_local_runner_helpers.py:25: error: Function is missing a return type annotation  [no-untyped-def]
tests/unit/lb_runner/test_local_runner_helpers.py:28: error: Function is missing a type annotation  [no-untyped-def]
tests/unit/lb_runner/test_local_runner_helpers.py:31: error: Function is missing a return type annotation  [no-untyped-def]
tests/unit/lb_runner/test_local_runner_helpers.py:45: error: Argument "logger" to "RunPlanner" has incompatible type "SimpleNamespace"; expected "Logger"  [arg-type]
tests/unit/lb_runner/test_local_runner_failures.py:15: error: Function is missing a type annotation  [no-untyped-def]
tests/unit/lb_runner/test_local_runner_failures.py:42: error: Function is missing a type annotation  [no-untyped-def]
tests/unit/lb_runner/test_local_runner_failures.py:64: error: Function is missing a type annotation  [no-untyped-def]
tests/unit/lb_runner/test_local_runner_failures.py:89: error: Function is missing a return type annotation  [no-untyped-def]
tests/unit/lb_runner/test_local_runner_failures.py:92: error: Function is missing a return type annotation  [no-untyped-def]
tests/unit/lb_runner/test_local_runner_failures.py:95: error: Function is missing a return type annotation  [no-untyped-def]
tests/unit/lb_runner/test_local_runner_failures.py:98: error: Argument "registry" to "LocalRunner" has incompatible type "DummyRegistry"; expected "PluginRegistry | RunnerRegistry"  [arg-type]
tests/unit/lb_runner/test_local_runner_characterization.py:34: error: Function is missing a type annotation  [no-untyped-def]
tests/unit/lb_runner/test_local_runner_characterization.py:37: error: Function is missing a type annotation  [no-untyped-def]
tests/unit/lb_runner/test_local_runner_characterization.py:49: error: Function is missing a return type annotation  [no-untyped-def]
tests/unit/lb_runner/test_local_runner_characterization.py:49: error: Function is missing a type annotation for one or more arguments  [no-untyped-def]
tests/unit/lb_runner/test_local_runner_characterization.py:52: error: Function is missing a return type annotation  [no-untyped-def]
tests/unit/lb_runner/test_local_runner_characterization.py:56: error: Function is missing a type annotation  [no-untyped-def]
tests/unit/lb_runner/test_local_runner_characterization.py:73: error: Argument "registry" to "LocalRunner" has incompatible type "DummyRegistry"; expected "PluginRegistry | RunnerRegistry"  [arg-type]
tests/unit/lb_runner/test_collect_metrics.py:8: error: Function is missing a return type annotation  [no-untyped-def]
tests/unit/lb_runner/test_collect_metrics.py:20: error: Function is missing a return type annotation  [no-untyped-def]
tests/unit/lb_runner/test_collect_metrics.py:24: error: Need type annotation for "result"  [var-annotated]
tests/unit/lb_runner/test_cli_collector.py:4: error: Library stubs not installed for "pandas"  [import-untyped]
tests/unit/lb_runner/test_cli_collector.py:10: error: Function is missing a return type annotation  [no-untyped-def]
tests/unit/lb_runner/test_cli_collector.py:10: note: Use "-> None" if function does not return a value
tests/unit/lb_runner/test_cli_collector.py:24: error: Function is missing a return type annotation  [no-untyped-def]
tests/unit/lb_runner/test_cli_collector.py:24: note: Use "-> None" if function does not return a value
tests/unit/lb_runner/test_base_collector.py:18: error: Function is missing a return type annotation  [no-untyped-def]
tests/unit/lb_runner/test_base_collector.py:30: error: Function is missing a return type annotation  [no-untyped-def]
tests/unit/lb_runner/test_base_collector.py:30: note: Use "-> None" if function does not return a value
tests/unit/lb_runner/test_base_collector.py:36: error: Function is missing a return type annotation  [no-untyped-def]
tests/unit/lb_runner/test_base_collector.py:36: note: Use "-> None" if function does not return a value
tests/unit/lb_runner/test_base_collector.py:47: error: Function is missing a return type annotation  [no-untyped-def]
tests/unit/lb_runner/test_base_collector.py:47: note: Use "-> None" if function does not return a value
tests/unit/common/test_plugin_export_csv.py:30: error: Function is missing a return type annotation  [no-untyped-def]
tests/unit/common/test_plugin_export_csv.py:40: error: Function is missing a return type annotation  [no-untyped-def]
tests/unit/common/test_plugin_export_csv.py:40: error: Function is missing a type annotation for one or more arguments  [no-untyped-def]
tests/unit/common/test_plugin_export_csv.py:62: error: Function is missing a return type annotation  [no-untyped-def]
tests/unit/common/test_plugin_export_csv.py:66: error: Function is missing a type annotation  [no-untyped-def]
tests/unit/common/test_plugin_export_csv.py:76: error: Argument "registry" to "LocalRunner" has incompatible type "DummyRegistry"; expected "PluginRegistry | RunnerRegistry"  [arg-type]
tests/unit/common/test_benchmark_config.py:27: error: Function is missing a return type annotation  [no-untyped-def]
tests/unit/common/test_benchmark_config.py:27: note: Use "-> None" if function does not return a value
tests/unit/common/test_benchmark_config.py:48: error: Function is missing a return type annotation  [no-untyped-def]
tests/unit/common/test_benchmark_config.py:48: note: Use "-> None" if function does not return a value
tests/unit/common/test_benchmark_config.py:66: error: Function is missing a return type annotation  [no-untyped-def]
tests/unit/common/test_benchmark_config.py:66: note: Use "-> None" if function does not return a value
tests/unit/common/test_benchmark_config.py:81: error: Function is missing a return type annotation  [no-untyped-def]
tests/unit/common/test_benchmark_config.py:81: note: Use "-> None" if function does not return a value
tests/unit/common/test_benchmark_config.py:95: error: Function is missing a return type annotation  [no-untyped-def]
tests/unit/common/test_benchmark_config.py:95: note: Use "-> None" if function does not return a value
tests/unit/common/test_benchmark_config.py:106: error: Function is missing a return type annotation  [no-untyped-def]
tests/unit/common/test_benchmark_config.py:106: note: Use "-> None" if function does not return a value
tests/unit/common/test_benchmark_config.py:139: error: Function is missing a return type annotation  [no-untyped-def]
tests/unit/common/test_benchmark_config.py:139: note: Use "-> None" if function does not return a value
tests/unit/common/test_benchmark_config.py:148: error: Function is missing a return type annotation  [no-untyped-def]
tests/unit/common/test_benchmark_config.py:148: note: Use "-> None" if function does not return a value
tests/unit/common/test_benchmark_config.py:155: error: Function is missing a return type annotation  [no-untyped-def]
tests/unit/common/test_benchmark_config.py:155: note: Use "-> None" if function does not return a value
tests/unit/common/test_benchmark_config.py:161: error: Function is missing a return type annotation  [no-untyped-def]
tests/unit/common/test_benchmark_config.py:161: note: Use "-> None" if function does not return a value
tests/unit/common/test_benchmark_config.py:204: error: Function is missing a return type annotation  [no-untyped-def]
tests/unit/common/test_benchmark_config.py:204: note: Use "-> None" if function does not return a value
tests/unit/common/test_benchmark_config.py:214: error: Function is missing a return type annotation  [no-untyped-def]
tests/unit/common/test_benchmark_config.py:214: note: Use "-> None" if function does not return a value
tests/unit/common/test_benchmark_config.py:232: error: Function is missing a return type annotation  [no-untyped-def]
tests/unit/common/test_benchmark_config.py:232: note: Use "-> None" if function does not return a value
tests/unit/common/test_benchmark_config.py:241: error: Function is missing a return type annotation  [no-untyped-def]
tests/unit/common/test_benchmark_config.py:241: note: Use "-> None" if function does not return a value
tests/integration/test_log_streaming_integration.py:11: error: Function is missing a type annotation  [no-untyped-def]
tests/integration/test_log_streaming_integration.py:34: error: Cannot assign to a method  [method-assign]
tests/integration/test_log_streaming_integration.py:35: error: Cannot assign to a method  [method-assign]
tests/integration/test_log_streaming_integration.py:36: error: Cannot assign to a method  [method-assign]
tests/integration/test_log_streaming_integration.py:57: error: Function is missing a type annotation  [no-untyped-def]
tests/integration/test_log_streaming_integration.py:71: error: Cannot assign to a method  [method-assign]
tests/integration/test_log_streaming_integration.py:72: error: Cannot assign to a method  [method-assign]
tests/integration/test_log_streaming_integration.py:73: error: Cannot assign to a method  [method-assign]
tests/integration/test_local_runner.py:17: error: Function is missing a type annotation  [no-untyped-def]
tests/e2e/test_benchmark_real.py:26: error: Function is missing a return type annotation  [no-untyped-def]
tests/e2e/test_benchmark_real.py:26: note: Use "-> None" if function does not return a value
tests/e2e/test_benchmark_real.py:32: error: Function is missing a return type annotation  [no-untyped-def]
tests/e2e/test_benchmark_real.py:32: note: Use "-> None" if function does not return a value
tests/e2e/test_benchmark_real.py:40: error: Function is missing a return type annotation  [no-untyped-def]
tests/e2e/test_benchmark_real.py:40: note: Use "-> None" if function does not return a value
tests/e2e/test_benchmark_real.py:130: error: Function is missing a return type annotation  [no-untyped-def]
tests/e2e/test_benchmark_real.py:130: note: Use "-> None" if function does not return a value
tests/e2e/test_benchmark_real.py:159: error: Function is missing a return type annotation  [no-untyped-def]
tests/e2e/test_benchmark_real.py:159: note: Use "-> None" if function does not return a value
lb_runner/services/async_localrunner.py:132: error: Argument 1 to "_maybe_daemonize" has incompatible type "_Environ[str]"; expected "dict[str, str]"  [arg-type]
lb_controller/services/setup_service.py:18: error: Cannot find implementation or library stub for module named "lb_controller.controller"  [import-not-found]
lb_controller/services/setup_service.py:80: error: Returning Any from function declared to return "bool"  [no-any-return]
lb_controller/services/setup_service.py:110: error: Returning Any from function declared to return "bool"  [no-any-return]
lb_controller/services/setup_service.py:142: error: Returning Any from function declared to return "bool"  [no-any-return]
lb_controller/services/setup_service.py:170: error: Returning Any from function declared to return "bool"  [no-any-return]
lb_controller/services/journal.py:159: error: Subclass of "Path" and "str" cannot exist: have distinct disjoint bases  [unreachable]
lb_controller/services/journal.py:160: error: Statement is unreachable  [unreachable]
lb_controller/services/journal.py:293: error: Returning Any from function declared to return "dict[str, Any]"  [no-any-return]
lb_controller/services/journal.py:297: error: Returning Any from function declared to return "dict[str, Any]"  [no-any-return]
lb_controller/services/journal_sync.py:27: error: Function "builtins.callable" is not valid as a type  [valid-type]
lb_controller/services/journal_sync.py:27: note: Perhaps you meant "typing.Callable" instead of "callable"?
lb_controller/services/journal_sync.py:36: error: Argument "action" to "update_task" of "RunJournal" has incompatible type "str | None"; expected "str"  [arg-type]
lb_controller/services/journal_sync.py:52: error: Function "builtins.callable" is not valid as a type  [valid-type]
lb_controller/services/journal_sync.py:52: note: Perhaps you meant "typing.Callable" instead of "callable"?
lb_controller/services/journal_sync.py:77: error: Function "builtins.callable" is not valid as a type  [valid-type]
lb_controller/services/journal_sync.py:77: note: Perhaps you meant "typing.Callable" instead of "callable"?
lb_controller/services/journal_sync.py:90: error: Function "builtins.callable" is not valid as a type  [valid-type]
lb_controller/services/journal_sync.py:90: note: Perhaps you meant "typing.Callable" instead of "callable"?
lb_controller/services/journal_sync.py:93: error: callable? not callable  [misc]
lb_controller/services/journal_sync.py:133: error: Function is missing a type annotation for one or more arguments  [no-untyped-def]
lb_controller/services/journal_sync.py:147: error: Function is missing a type annotation for one or more arguments  [no-untyped-def]
lb_controller/adapters/ansible_helpers.py:156: error: Incompatible return value type (got "StopToken | bool | None", expected "bool")  [return-value]
lb_controller/adapters/ansible_helpers.py:223: error: Item "int" of "int | HasFileno" has no attribute "readline"  [union-attr]
lb_controller/adapters/ansible_helpers.py:223: error: Item "HasFileno" of "int | HasFileno" has no attribute "readline"  [union-attr]
lb_plugins/plugins/dfaas/generator.py:206: error: Returning Any from function declared to return "str"  [no-any-return]
lb_plugins/plugins/dfaas/generator.py:251: error: Statement is unreachable  [unreachable]
tests/unit/lb_controller/test_run_state_builders.py:25: error: Argument 2 to "resolve_run_id" has incompatible type "SimpleNamespace"; expected "RunJournal | None"  [arg-type]
tests/unit/lb_controller/test_run_state_builders.py:32: error: Function is missing a type annotation for one or more arguments  [no-untyped-def]
tests/unit/lb_controller/test_run_state_builders.py:44: error: Function is missing a type annotation for one or more arguments  [no-untyped-def]
tests/unit/lb_controller/test_run_state_builders.py:63: error: Function is missing a type annotation for one or more arguments  [no-untyped-def]
tests/unit/lb_controller/test_playbook_process_runner.py:23: error: Function is missing a type annotation for one or more arguments  [no-untyped-def]
tests/unit/lb_controller/test_playbook_process_runner.py:38: error: Function is missing a type annotation for one or more arguments  [no-untyped-def]
tests/unit/lb_controller/test_playbook_process_runner.py:65: error: "object" has no attribute "status"  [attr-defined]
lb_controller/adapters/ansible_runner.py:66: error: Incompatible types in assignment (expression has type "Callable[[str, str], None] | None", variable has type "Callable[[str, str], None]")  [assignment]
lb_controller/adapters/ansible_runner.py:162: error: Returning Any from function declared to return "Callable[..., Any]"  [no-any-return]
lb_controller/adapters/ansible_runner.py:207: error: Unused "type: ignore" comment  [unused-ignore]
lb_controller/adapters/ansible_runner.py:207: error: Function is missing a return type annotation  [no-untyped-def]
lb_controller/adapters/ansible_runner.py:207: note: Error code "no-untyped-def" not covered by "type: ignore" comment
lb_controller/adapters/ansible_runner.py:211: error: Unused "type: ignore" comment  [unused-ignore]
lb_controller/adapters/ansible_runner.py:211: error: Function is missing a type annotation  [no-untyped-def]
lb_controller/adapters/ansible_runner.py:211: note: Error code "no-untyped-def" not covered by "type: ignore" comment
tests/unit/lb_plugins/test_dfaas_url_resolution.py:10: error: Function is missing a return type annotation  [no-untyped-def]
tests/unit/lb_plugins/test_dfaas_url_resolution.py:25: error: Function is missing a type annotation  [no-untyped-def]
tests/unit/lb_plugins/test_dfaas_url_resolution.py:32: error: Function is missing a return type annotation  [no-untyped-def]
tests/unit/lb_plugins/test_dfaas_url_resolution.py:32: note: Use "-> None" if function does not return a value
tests/unit/lb_plugins/test_dfaas_url_resolution.py:44: error: Function is missing a return type annotation  [no-untyped-def]
tests/unit/lb_plugins/test_dfaas_url_resolution.py:44: note: Use "-> None" if function does not return a value
tests/unit/lb_plugins/test_dfaas_url_resolution.py:49: error: Function is missing a return type annotation  [no-untyped-def]
tests/unit/lb_plugins/test_dfaas_url_resolution.py:49: note: Use "-> None" if function does not return a value
tests/unit/lb_plugins/test_dfaas_url_resolution.py:62: error: Function is missing a return type annotation  [no-untyped-def]
tests/unit/lb_plugins/test_dfaas_url_resolution.py:62: note: Use "-> None" if function does not return a value
tests/unit/lb_plugins/test_dfaas_url_resolution.py:75: error: Function is missing a return type annotation  [no-untyped-def]
tests/unit/lb_plugins/test_dfaas_url_resolution.py:75: note: Use "-> None" if function does not return a value
tests/unit/lb_plugins/test_dfaas_url_resolution.py:93: error: Function is missing a return type annotation  [no-untyped-def]
tests/unit/lb_plugins/test_dfaas_url_resolution.py:93: note: Use "-> None" if function does not return a value
tests/unit/lb_plugins/test_dfaas_url_resolution.py:103: error: Function is missing a return type annotation  [no-untyped-def]
tests/unit/lb_plugins/test_dfaas_url_resolution.py:103: note: Use "-> None" if function does not return a value
tests/unit/lb_plugins/test_dfaas_grafana_setup.py:63: error: Argument "grafana" to "DfaasConfig" has incompatible type "dict[str, object]"; expected "GrafanaConfig"  [arg-type]
tests/unit/lb_plugins/test_dfaas_grafana_setup.py:77: error: Statement is unreachable  [unreachable]
tests/unit/lb_plugins/test_dfaas_grafana_setup.py:88: error: Argument "grafana" to "DfaasConfig" has incompatible type "dict[str, object]"; expected "GrafanaConfig"  [arg-type]
tests/unit/lb_plugins/test_dfaas_generator.py:145: error: Need type annotation for "summary"  [var-annotated]
tests/unit/lb_plugins/test_dfaas_generator.py:262: error: "Callable[[RunEvent], None]" has no attribute "assert_not_called"  [attr-defined]
tests/unit/lb_plugins/test_dfaas_generator.py:284: error: Function is missing a type annotation  [no-untyped-def]
lb_controller/adapters/playbooks.py:48: error: Argument 1 to "run_playbook" of "RemoteExecutor" has incompatible type "Path | None"; expected "Path"  [arg-type]
lb_controller/adapters/playbooks.py:187: error: Argument 1 to "run_playbook" of "RemoteExecutor" has incompatible type "Path | None"; expected "Path"  [arg-type]
lb_controller/adapters/playbooks.py:240: error: Argument 1 to "run_playbook" of "RemoteExecutor" has incompatible type "Path | None"; expected "Path"  [arg-type]
tests/integration/lb_plugins/test_dfaas_docker_integration.py:264: error: Argument "rates" to "DfaasConfig" has incompatible type "dict[str, int]"; expected "DfaasRatesConfig"  [arg-type]
tests/integration/lb_plugins/test_dfaas_docker_integration.py:265: error: Argument "combinations" to "DfaasConfig" has incompatible type "dict[str, int]"; expected "DfaasCombinationConfig"  [arg-type]
tests/integration/lb_plugins/test_dfaas_docker_integration.py:268: error: Argument "cooldown" to "DfaasConfig" has incompatible type "dict[str, int]"; expected "DfaasCooldownConfig"  [arg-type]
tests/unit/lb_controller/test_collect_on_stop.py:17: error: Function is missing a type annotation for one or more arguments  [no-untyped-def]
tests/unit/lb_controller/test_collect_on_stop.py:20: error: Function is missing a type annotation for one or more arguments  [no-untyped-def]
tests/unit/lb_controller/test_collect_on_stop.py:23: error: Function is missing a type annotation for one or more arguments  [no-untyped-def]
tests/unit/lb_controller/test_collect_on_stop.py:41: error: Argument "state" to "run_workload_execution" has incompatible type "SimpleNamespace"; expected "RunState"  [arg-type]
tests/unit/lb_controller/test_collect_on_stop.py:45: error: Argument "flags" to "run_workload_execution" has incompatible type "SimpleNamespace"; expected "RunFlags"  [arg-type]
tests/unit/lb_controller/test_collect_on_stop.py:55: error: Function is missing a type annotation for one or more arguments  [no-untyped-def]
tests/unit/lb_controller/test_collect_on_stop.py:59: error: Function is missing a type annotation for one or more arguments  [no-untyped-def]
tests/unit/lb_controller/test_collect_on_stop.py:75: error: Argument "state" to "run_workload_execution" has incompatible type "SimpleNamespace"; expected "RunState"  [arg-type]
tests/unit/lb_controller/test_collect_on_stop.py:79: error: Argument "flags" to "run_workload_execution" has incompatible type "SimpleNamespace"; expected "RunFlags"  [arg-type]
lb_controller/services/controller_context.py:80: error: Unused "type: ignore" comment  [unused-ignore]
tests/unit/test_interrupts.py:13: error: Function is missing a return type annotation  [no-untyped-def]
tests/unit/test_interrupts.py:13: note: Use "-> None" if function does not return a value
tests/unit/test_interrupts.py:17: error: Function is missing a return type annotation  [no-untyped-def]
tests/unit/test_interrupts.py:17: note: Use "-> None" if function does not return a value
tests/unit/test_interrupts.py:23: error: Function is missing a return type annotation  [no-untyped-def]
tests/unit/test_interrupts.py:23: note: Use "-> None" if function does not return a value
tests/unit/test_interrupts.py:29: error: Function is missing a return type annotation  [no-untyped-def]
tests/unit/test_interrupts.py:29: note: Use "-> None" if function does not return a value
tests/unit/test_interrupts.py:38: error: Function is missing a return type annotation  [no-untyped-def]
tests/unit/test_interrupts.py:38: note: Use "-> None" if function does not return a value
tests/unit/test_interrupts.py:47: error: Function is missing a return type annotation  [no-untyped-def]
tests/unit/test_interrupts.py:47: note: Use "-> None" if function does not return a value
tests/unit/test_interrupts.py:57: error: Function is missing a return type annotation  [no-untyped-def]
tests/unit/test_interrupts.py:62: error: Function is missing a return type annotation  [no-untyped-def]
tests/unit/test_interrupts.py:67: error: Function is missing a type annotation  [no-untyped-def]
tests/unit/test_interrupts.py:90: error: Function is missing a type annotation  [no-untyped-def]
tests/unit/lb_ui/test_cleanup_policy.py:20: error: Function is missing a type annotation for one or more arguments  [no-untyped-def]
tests/unit/lb_ui/test_cleanup_policy.py:34: error: Function is missing a type annotation  [no-untyped-def]
tests/unit/lb_ui/test_cleanup_policy.py:52: error: Function is missing a type annotation  [no-untyped-def]
tests/unit/lb_controller/test_stop_coordinator.py:12: error: Function is missing a return type annotation  [no-untyped-def]
tests/unit/lb_controller/test_stop_coordinator.py:16: error: Function is missing a type annotation  [no-untyped-def]
tests/unit/lb_controller/test_stop_coordinator.py:27: error: Function is missing a type annotation  [no-untyped-def]
tests/unit/lb_controller/test_stop_coordinator.py:32: error: Function is missing a type annotation  [no-untyped-def]
tests/unit/lb_controller/test_stop_coordinator.py:38: error: Function is missing a type annotation  [no-untyped-def]
tests/unit/lb_controller/test_stop_coordinator.py:44: error: Function is missing a type annotation  [no-untyped-def]
tests/unit/lb_controller/test_stop_coordinator.py:59: error: Function is missing a type annotation  [no-untyped-def]
tests/unit/lb_controller/test_stop_coordinator.py:65: error: Function is missing a type annotation  [no-untyped-def]
tests/unit/lb_controller/test_stop_coordinator.py:71: error: Function is missing a type annotation  [no-untyped-def]
tests/unit/lb_controller/test_stop_coordinator.py:81: error: Function is missing a type annotation  [no-untyped-def]
tests/unit/lb_controller/test_stop_coordinator.py:88: error: Function is missing a return type annotation  [no-untyped-def]
tests/unit/lb_controller/test_stop_coordinator.py:88: note: Use "-> None" if function does not return a value
tests/unit/lb_controller/test_run_catalog_service.py:8: error: Function is missing a type annotation for one or more arguments  [no-untyped-def]
tests/unit/lb_controller/test_run_catalog_service.py:13: error: Function is missing a return type annotation  [no-untyped-def]
tests/unit/lb_controller/test_run_catalog_service.py:36: error: Function is missing a return type annotation  [no-untyped-def]
tests/unit/lb_controller/test_paths.py:9: error: Function is missing a return type annotation  [no-untyped-def]
tests/unit/lb_controller/test_lifecycle.py:10: error: Function is missing a return type annotation  [no-untyped-def]
tests/unit/lb_controller/test_lifecycle.py:10: note: Use "-> None" if function does not return a value
tests/unit/lb_controller/test_lifecycle.py:15: error: Non-overlapping equality check (left operand type: "Literal[RunPhase.GLOBAL_SETUP]", right operand type: "Literal[RunPhase.WORKLOADS]")  [comparison-overlap]
tests/unit/lb_controller/test_lifecycle.py:16: error: Statement is unreachable  [unreachable]
tests/unit/lb_controller/test_lifecycle.py:20: error: Function is missing a return type annotation  [no-untyped-def]
tests/unit/lb_controller/test_lifecycle.py:20: note: Use "-> None" if function does not return a value
tests/unit/lb_controller/test_lifecycle.py:25: error: Non-overlapping equality check (left operand type: "Literal[StopStage.ARMED]", right operand type: "Literal[StopStage.WAITING_FOR_RUNNERS]")  [comparison-overlap]
tests/unit/lb_controller/test_lifecycle.py:26: error: Statement is unreachable  [unreachable]
tests/unit/lb_controller/test_journal_sync.py:16: error: Function is missing a return type annotation  [no-untyped-def]
tests/unit/lb_controller/test_journal_sync.py:40: error: Item "None" of "TaskState | None" has no attribute "status"  [union-attr]
tests/unit/lb_controller/test_journal_sync.py:41: error: Item "None" of "TaskState | None" has no attribute "duration_seconds"  [union-attr]
tests/unit/lb_controller/test_journal_sync.py:44: error: Function is missing a return type annotation  [no-untyped-def]
tests/unit/lb_controller/test_journal_sync.py:65: error: Item "None" of "TaskState | None" has no attribute "status"  [union-attr]
tests/unit/lb_controller/test_journal_sync.py:66: error: Unsupported right operand type for in ("str | Any | None")  [operator]
tests/unit/lb_controller/test_journal_sync.py:66: error: Item "None" of "TaskState | None" has no attribute "error"  [union-attr]
tests/unit/lb_controller/test_journal_sync.py:67: error: Unsupported right operand type for in ("str | Any | None")  [operator]
tests/unit/lb_controller/test_journal_sync.py:67: error: Item "None" of "TaskState | None" has no attribute "error"  [union-attr]
tests/unit/lb_controller/test_journal_sync.py:68: error: Unsupported right operand type for in ("str | Any | None")  [operator]
tests/unit/lb_controller/test_journal_sync.py:68: error: Item "None" of "TaskState | None" has no attribute "error"  [union-attr]
tests/unit/lb_controller/test_journal_sync.py:71: error: Function is missing a type annotation  [no-untyped-def]
tests/unit/lb_controller/test_interrupts.py:23: error: Non-overlapping equality check (left operand type: "Literal[RunInterruptState.STOP_ARMED]", right operand type: "Literal[RunInterruptState.STOPPING]")  [comparison-overlap]
tests/unit/lb_controller/test_controller_stop.py:15: error: Function is missing a return type annotation  [no-untyped-def]
tests/unit/lb_controller/test_controller_stop.py:22: error: Function is missing a type annotation  [no-untyped-def]
tests/unit/lb_controller/test_controller_stop.py:40: error: Function is missing a type annotation  [no-untyped-def]
tests/unit/lb_controller/test_controller_stop.py:48: error: Need type annotation for "extravars" (hint: "extravars: dict[<type>, <type>] = ...")  [var-annotated]
tests/unit/lb_controller/test_controller_stop.py:70: error: Function is missing a type annotation  [no-untyped-def]
tests/unit/lb_controller/test_controller_stop.py:86: error: Function is missing a type annotation  [no-untyped-def]
tests/unit/lb_controller/test_controller_stop.py:95: error: Function is missing a return type annotation  [no-untyped-def]
tests/unit/lb_controller/test_controller_stop.py:95: note: Use "-> None" if function does not return a value
tests/unit/lb_controller/test_controller_stop.py:108: error: Function is missing a type annotation  [no-untyped-def]
tests/unit/lb_controller/test_controller_state_machine.py:9: error: Function is missing a return type annotation  [no-untyped-def]
tests/unit/lb_controller/test_controller_state_machine.py:9: note: Use "-> None" if function does not return a value
tests/unit/lb_controller/test_controller_state_machine.py:14: error: Non-overlapping equality check (left operand type: "Literal[ControllerState.INIT]", right operand type: "Literal[ControllerState.RUNNING_GLOBAL_SETUP]")  [comparison-overlap]
tests/unit/lb_controller/test_controller_state_machine.py:16: error: Statement is unreachable  [unreachable]
tests/unit/lb_controller/test_controller_state_machine.py:28: error: Function is missing a return type annotation  [no-untyped-def]
tests/unit/lb_controller/test_controller_state_machine.py:28: note: Use "-> None" if function does not return a value
tests/unit/lb_controller/test_controller_state_machine.py:34: error: Function is missing a return type annotation  [no-untyped-def]
tests/unit/lb_controller/test_controller_state_machine.py:34: note: Use "-> None" if function does not return a value
tests/unit/lb_controller/test_controller_runner.py:14: error: Function is missing a return type annotation  [no-untyped-def]
tests/unit/lb_controller/test_controller_runner.py:28: error: Function is missing a return type annotation  [no-untyped-def]
tests/unit/lb_controller/test_controller_runner.py:37: error: Function is missing a return type annotation  [no-untyped-def]
tests/unit/lb_controller/test_controller_runner.py:37: note: Use "-> None" if function does not return a value
tests/unit/lb_controller/test_controller_runner.py:40: error: Function is missing a return type annotation  [no-untyped-def]
tests/unit/lb_controller/test_controller_runner.py:40: note: Use "-> None" if function does not return a value
tests/unit/lb_controller/test_controller_runner.py:51: error: Function is missing a return type annotation  [no-untyped-def]
tests/unit/lb_controller/test_controller_runner.py:55: error: Function is missing a return type annotation  [no-untyped-def]
tests/unit/common/test_lb_events_callback.py:27: error: Function is missing a return type annotation  [no-untyped-def]
tests/unit/common/test_lb_events_callback.py:27: note: Use "-> None" if function does not return a value
tests/unit/common/test_lb_events_callback.py:43: error: Function is missing a return type annotation  [no-untyped-def]
tests/unit/common/test_lb_events_callback.py:43: error: Function is missing a type annotation for one or more arguments  [no-untyped-def]
tests/unit/common/test_journal.py:22: error: Function is missing a return type annotation  [no-untyped-def]
tests/unit/common/test_journal.py:41: error: Incompatible types in assignment (expression has type "TaskState | None", variable has type "TaskState")  [assignment]
tests/unit/common/test_journal.py:48: error: Function is missing a return type annotation  [no-untyped-def]
tests/unit/common/test_journal.py:61: error: Function is missing a return type annotation  [no-untyped-def]
tests/unit/common/test_journal.py:61: note: Use "-> None" if function does not return a value
tests/unit/common/test_journal.py:70: error: Function is missing a return type annotation  [no-untyped-def]
tests/unit/common/test_events.py:12: error: Function is missing a type annotation  [no-untyped-def]
tests/unit/common/test_events.py:50: error: Item "None" of "TaskState | None" has no attribute "status"  [union-attr]
tests/unit/common/test_controller.py:33: error: Need type annotation for "calls" (hint: "calls: list[<type>] = ...")  [var-annotated]
tests/unit/common/test_controller.py:35: error: Function is missing a type annotation for one or more arguments  [no-untyped-def]
tests/unit/common/test_controller.py:63: error: Function is missing a return type annotation  [no-untyped-def]
tests/unit/common/test_controller.py:98: error: Function is missing a return type annotation  [no-untyped-def]
tests/unit/common/test_controller.py:102: error: Function is missing a type annotation  [no-untyped-def]
tests/unit/common/test_controller.py:142: error: Function is missing a return type annotation  [no-untyped-def]
tests/unit/common/test_controller.py:160: error: Function is missing a return type annotation  [no-untyped-def]
tests/unit/common/test_controller.py:170: error: Function is missing a return type annotation  [no-untyped-def]
tests/unit/common/test_controller.py:170: note: Use "-> None" if function does not return a value
tests/unit/common/test_controller.py:173: error: Function is missing a return type annotation  [no-untyped-def]
tests/unit/common/test_controller.py:173: note: Use "-> None" if function does not return a value
tests/unit/common/test_controller.py:177: error: Unused "type: ignore" comment  [unused-ignore]
tests/unit/common/test_controller.py:273: error: Function is missing a type annotation for one or more arguments  [no-untyped-def]
tests/unit/common/test_controller.py:339: error: Need type annotation for "calls" (hint: "calls: list[<type>] = ...")  [var-annotated]
tests/unit/common/test_controller.py:341: error: Function is missing a type annotation for one or more arguments  [no-untyped-def]
tests/unit/common/test_controller.py:388: error: Function is missing a type annotation for one or more arguments  [no-untyped-def]
tests/unit/common/test_component_installability.py:29: error: Function is missing a type annotation  [no-untyped-def]
tests/unit/common/test_component_installability.py:38: error: Function is missing a return type annotation  [no-untyped-def]
tests/unit/common/test_component_installability.py:38: note: Use "-> None" if function does not return a value
tests/unit/common/test_component_installability.py:50: error: Function is missing a return type annotation  [no-untyped-def]
tests/unit/common/test_component_installability.py:50: note: Use "-> None" if function does not return a value
tests/unit/common/test_component_installability.py:62: error: Function is missing a return type annotation  [no-untyped-def]
tests/unit/common/test_component_installability.py:62: note: Use "-> None" if function does not return a value
tests/unit/common/test_ansible_executor_signals.py:13: error: Function is missing a type annotation  [no-untyped-def]
tests/unit/common/test_ansible_executor_signals.py:16: error: Function is missing a type annotation  [no-untyped-def]
tests/unit/common/test_ansible_executor_signals.py:34: error: Function is missing a type annotation  [no-untyped-def]
tests/unit/common/test_ansible_executor_signals.py:41: error: Function is missing a return type annotation  [no-untyped-def]
tests/unit/common/test_ansible_executor_signals.py:47: error: Function is missing a return type annotation  [no-untyped-def]
tests/unit/common/test_ansible_executor_signals.py:56: error: Function is missing a return type annotation  [no-untyped-def]
tests/unit/common/test_ansible_executor_signals.py:61: error: Function is missing a return type annotation  [no-untyped-def]
tests/unit/common/test_ansible_executor_signals.py:61: note: Use "-> None" if function does not return a value
tests/unit/common/test_ansible_executor_signals.py:64: error: Function is missing a type annotation  [no-untyped-def]
tests/unit/common/test_ansible_executor_signals.py:66: error: Incompatible types in assignment (expression has type "int", variable has type "None")  [assignment]
tests/unit/common/test_ansible_executor_signals.py:69: error: Function is missing a type annotation  [no-untyped-def]
tests/unit/common/test_ansible_executor_signals.py:74: error: Function is missing a type annotation  [no-untyped-def]
tests/unit/common/test_ansible_executor_signals.py:77: error: Function is missing a type annotation  [no-untyped-def]
tests/unit/common/test_ansible_executor_signals.py:80: error: Function is missing a return type annotation  [no-untyped-def]
tests/unit/common/test_ansible_executor_signals.py:80: note: Use "-> None" if function does not return a value
tests/integration/test_resume_pending_repetitions.py:23: error: Function is missing a type annotation  [no-untyped-def]
tests/integration/test_resume_pending_repetitions.py:36: error: Incompatible types in assignment (expression has type "Any | dict[Any, Any]", variable has type "None")  [assignment]
tests/integration/test_resume_pending_repetitions.py:40: error: Function is missing a type annotation  [no-untyped-def]
tests/integration/test_resume_pending_repetitions.py:68: error: Statement is unreachable  [unreachable]
lb_app/services/run_types.py:129: error: Function is missing a return type annotation  [no-untyped-def]
lb_app/services/run_system_info.py:73: error: Argument 1 to "join" of "str" has incompatible type "list[str | None]"; expected "Iterable[str]"  [arg-type]
lb_app/services/run_plan.py:69: error: Function is missing a return type annotation  [no-untyped-def]
lb_app/services/run_plan.py:126: error: Argument 1 to "asdict" has incompatible type "DataclassInstance | type[DataclassInstance]"; expected "DataclassInstance"  [arg-type]
lb_app/services/run_pipeline.py:33: error: Function is missing a return type annotation  [no-untyped-def]
lb_app/services/run_pipeline.py:37: error: Unexpected keyword argument "end"  [call-arg]
lb_app/services/run_pipeline.py:131: error: Unexpected keyword argument "source"  [call-arg]
lb_app/services/run_pipeline.py:158: error: Unexpected keyword argument "end"  [call-arg]
lb_app/services/run_pipeline.py:179: error: Unexpected keyword argument "source"  [call-arg]
lb_app/services/run_journal.py:69: error: Unsupported operand types for / ("Path" and "None")  [operator]
lb_app/services/run_journal.py:69: note: Right operand is of type "str | None"
lb_app/services/run_journal.py:80: error: Right operand of "and" is never evaluated  [unreachable]
lb_app/services/run_journal.py:81: error: Statement is unreachable  [unreachable]
lb_app/services/run_journal.py:97: error: List item 0 has incompatible type "SimpleNamespace"; expected "RemoteHostConfig"  [list-item]
lb_app/services/run_journal.py:274: error: List item 0 has incompatible type "SimpleNamespace"; expected "RemoteHostConfig"  [list-item]
lb_app/services/remote_run_coordinator.py:41: error: Function is missing a type annotation for one or more arguments  [no-untyped-def]
lb_app/services/run_service.py:133: error: Statement is unreachable  [unreachable]
lb_app/services/run_service.py:327: error: Function is missing a return type annotation  [no-untyped-def]
lb_app/services/run_service.py:510: error: Unexpected keyword argument "end"  [call-arg]
lb_app/services/run_service.py:517: error: Unused "type: ignore" comment  [unused-ignore]
lb_app/services/run_service.py:517: error: Incompatible types in assignment (expression has type "Callable[[str], None]", variable has type "Callable[[], None] | None")  [assignment]
lb_app/services/run_service.py:517: note: Error code "assignment" not covered by "type: ignore" comment
lb_app/services/run_service.py:543: error: Too few arguments  [call-arg]
lb_app/services/run_service.py:680: error: Too few arguments  [call-arg]
lb_app/services/run_service.py:680: note: "announce_stop" is considered instance variable, to make it class variable use ClassVar[...]
lb_app/services/run_service.py:738: error: Too few arguments  [call-arg]
lb_app/services/run_service.py:738: note: "announce_stop" is considered instance variable, to make it class variable use ClassVar[...]
lb_app/services/test_service.py:115: error: Function is missing a return type annotation  [no-untyped-def]
lb_app/services/test_service.py:118: error: Function is missing a return type annotation  [no-untyped-def]
lb_app/services/test_service.py:121: error: Function is missing a return type annotation  [no-untyped-def]
lb_app/client.py:49: error: Returning Any from function declared to return "Iterable[RunJournal]"  [no-any-return]
lb_app/client.py:49: error: "type[RunJournal]" has no attribute "list_runs"  [attr-defined]
lb_app/client.py:51: error: Function is missing a return type annotation  [no-untyped-def]
lb_app/client.py:60: error: Function is missing a return type annotation  [no-untyped-def]
tests/unit/lb_app/test_remote_run_coordinator.py:19: error: Function is missing a type annotation for one or more arguments  [no-untyped-def]
tests/unit/lb_app/test_remote_run_coordinator.py:28: error: Function is missing a type annotation  [no-untyped-def]
tests/unit/lb_app/test_remote_run_coordinator.py:31: error: Function is missing a type annotation  [no-untyped-def]
tests/unit/lb_app/test_remote_run_coordinator.py:34: error: Function is missing a type annotation  [no-untyped-def]
tests/unit/lb_app/test_remote_run_coordinator.py:37: error: Function is missing a type annotation  [no-untyped-def]
tests/unit/lb_app/test_remote_run_coordinator.py:41: error: Function is missing a type annotation  [no-untyped-def]
tests/unit/lb_app/test_remote_run_coordinator.py:45: error: Function is missing a type annotation  [no-untyped-def]
tests/unit/lb_app/test_remote_run_coordinator.py:54: error: Argument "registry" to "RunContext" has incompatible type "SimpleNamespace"; expected "PluginRegistry"  [arg-type]
tests/unit/lb_app/test_remote_run_coordinator.py:57: error: Function is missing a return type annotation  [no-untyped-def]
tests/unit/lb_app/test_remote_run_coordinator.py:80: error: Argument "sink" to "_EventPipeline" has incompatible type "SimpleNamespace"; expected "LogSink"  [arg-type]
tests/unit/lb_app/test_remote_run_coordinator.py:90: error: Argument 1 to "RemoteRunCoordinator" has incompatible type "_DummyService"; expected "RunService"  [arg-type]
tests/unit/lb_app/test_remote_run_coordinator.py:117: error: Argument 1 to "RemoteRunCoordinator" has incompatible type "_DummyService"; expected "RunService"  [arg-type]
tests/unit/test_log_streaming.py:15: error: Function is missing a return type annotation  [no-untyped-def]
tests/unit/test_log_streaming.py:15: note: Use "-> None" if function does not return a value
tests/unit/test_log_streaming.py:34: error: Function is missing a type annotation  [no-untyped-def]
tests/unit/test_log_streaming.py:71: error: Function is missing a return type annotation  [no-untyped-def]
tests/unit/test_log_streaming.py:71: note: Use "-> None" if function does not return a value
tests/unit/test_log_streaming.py:105: error: Function is missing a return type annotation  [no-untyped-def]
tests/unit/test_log_streaming.py:105: note: Use "-> None" if function does not return a value
tests/unit/test_log_streaming.py:140: error: Function is missing a type annotation  [no-untyped-def]
tests/unit/test_log_streaming.py:160: error: Function is missing a type annotation  [no-untyped-def]
tests/unit/test_log_streaming.py:179: error: Function is missing a type annotation  [no-untyped-def]
tests/unit/test_log_streaming.py:198: error: Function is missing a type annotation  [no-untyped-def]
tests/unit/lb_controller/test_run_service_threaded.py:12: error: Function is missing a return type annotation  [no-untyped-def]
tests/unit/lb_controller/test_run_service_threaded.py:12: note: Use "-> None" if function does not return a value
tests/unit/lb_controller/test_run_service_threaded.py:15: error: Function is missing a type annotation  [no-untyped-def]
tests/unit/lb_controller/test_run_service_threaded.py:23: error: Function is missing a type annotation  [no-untyped-def]
tests/unit/lb_controller/test_run_service_threaded.py:57: error: Function is missing a type annotation  [no-untyped-def]
tests/unit/lb_controller/test_run_service_threaded.py:60: error: Function is missing a return type annotation  [no-untyped-def]
tests/unit/lb_controller/test_run_service_threaded.py:60: note: Use "-> None" if function does not return a value
tests/unit/lb_controller/test_run_service_threaded.py:63: error: Function is missing a type annotation  [no-untyped-def]
tests/unit/lb_controller/test_run_service_threaded.py:74: error: Cannot infer type of lambda  [misc]
tests/unit/lb_controller/test_run_service_plan.py:17: error: Function is missing a type annotation  [no-untyped-def]
tests/unit/lb_controller/test_run_service_plan.py:22: error: Function is missing a type annotation  [no-untyped-def]
tests/unit/lb_controller/test_run_service_plan.py:30: error: Function is missing a type annotation  [no-untyped-def]
tests/unit/lb_controller/test_run_service_plan.py:35: error: Function is missing a type annotation  [no-untyped-def]
tests/unit/lb_controller/test_run_service_plan.py:38: error: Function is missing a type annotation  [no-untyped-def]
tests/unit/lb_controller/test_run_service_plan.py:48: error: Function is missing a type annotation for one or more arguments  [no-untyped-def]
tests/unit/lb_controller/test_run_service_plan.py:52: error: Function is missing a return type annotation  [no-untyped-def]
tests/unit/lb_controller/test_run_service_plan.py:52: note: Use "-> None" if function does not return a value
tests/unit/lb_controller/test_run_service_plan.py:62: error: Argument "registry" to "get_run_plan" of "RunService" has incompatible type "DummyRegistry"; expected "PluginRegistry | None"  [arg-type]
tests/unit/lb_controller/test_run_service_plan.py:72: error: Function is missing a return type annotation  [no-untyped-def]
tests/unit/lb_controller/test_run_service_plan.py:72: note: Use "-> None" if function does not return a value
tests/unit/lb_controller/test_run_service_plan.py:80: error: Argument "registry" to "get_run_plan" of "RunService" has incompatible type "DummyRegistry"; expected "PluginRegistry | None"  [arg-type]
tests/unit/lb_controller/test_run_service_plan.py:87: error: Function is missing a return type annotation  [no-untyped-def]
tests/unit/lb_controller/test_run_service_plan.py:87: note: Use "-> None" if function does not return a value
tests/unit/lb_controller/test_run_service_plan.py:95: error: Argument "registry" to "get_run_plan" of "RunService" has incompatible type "DummyRegistry"; expected "PluginRegistry | None"  [arg-type]
tests/unit/lb_controller/test_run_service_plan.py:102: error: Function is missing a return type annotation  [no-untyped-def]
tests/unit/lb_controller/test_run_service_plan.py:102: note: Use "-> None" if function does not return a value
tests/unit/lb_controller/test_run_service_plan.py:107: error: Argument "registry" to "get_run_plan" of "RunService" has incompatible type "DummyRegistry"; expected "PluginRegistry | None"  [arg-type]
tests/unit/lb_controller/test_run_service_plan.py:115: error: Function is missing a return type annotation  [no-untyped-def]
tests/unit/lb_controller/test_run_service_plan.py:115: note: Use "-> None" if function does not return a value
tests/unit/lb_controller/test_run_service_plan.py:129: error: Argument "registry" to "get_run_plan" of "RunService" has incompatible type "DummyRegistry"; expected "PluginRegistry | None"  [arg-type]
tests/unit/lb_controller/test_resume_metadata.py:17: error: Function is missing a type annotation for one or more arguments  [no-untyped-def]
tests/unit/lb_controller/test_resume_metadata.py:33: error: Function is missing a type annotation for one or more arguments  [no-untyped-def]
tests/unit/lb_controller/test_resume_metadata.py:47: error: Argument 1 to "RunContext" has incompatible type "**dict[str, object]"; expected "BenchmarkConfig"  [arg-type]
tests/unit/lb_controller/test_resume_metadata.py:47: error: Argument 1 to "RunContext" has incompatible type "**dict[str, object]"; expected "list[str]"  [arg-type]
tests/unit/lb_controller/test_resume_metadata.py:47: error: Argument 1 to "RunContext" has incompatible type "**dict[str, object]"; expected "PluginRegistry"  [arg-type]
tests/unit/lb_controller/test_resume_metadata.py:47: error: Argument 1 to "RunContext" has incompatible type "**dict[str, object]"; expected "Path | None"  [arg-type]
tests/unit/lb_controller/test_resume_metadata.py:47: error: Argument 1 to "RunContext" has incompatible type "**dict[str, object]"; expected "bool"  [arg-type]
tests/unit/lb_controller/test_resume_metadata.py:47: error: Argument 1 to "RunContext" has incompatible type "**dict[str, object]"; expected "str | None"  [arg-type]
tests/unit/lb_controller/test_resume_metadata.py:47: error: Argument 1 to "RunContext" has incompatible type "**dict[str, object]"; expected "str"  [arg-type]
tests/unit/lb_controller/test_resume_metadata.py:47: error: Argument 1 to "RunContext" has incompatible type "**dict[str, object]"; expected "int | None"  [arg-type]
tests/unit/lb_controller/test_resume_metadata.py:50: error: Function is missing a type annotation  [no-untyped-def]
tests/unit/lb_controller/test_resume_metadata.py:63: error: Function is missing a type annotation  [no-untyped-def]
tests/unit/lb_controller/test_resume_metadata.py:86: error: Function is missing a type annotation  [no-untyped-def]
tests/unit/lb_controller/test_lb_event_parsing.py:12: error: Function is missing a return type annotation  [no-untyped-def]
tests/unit/lb_controller/test_lb_event_parsing.py:12: note: Use "-> None" if function does not return a value
tests/unit/lb_controller/test_lb_event_parsing.py:22: error: Function is missing a type annotation  [no-untyped-def]
tests/unit/lb_controller/test_lb_event_parsing.py:25: error: Unused "type: ignore" comment  [unused-ignore]
tests/unit/lb_app/test_resume_provisioning.py:21: error: Function is missing a type annotation  [no-untyped-def]
tests/unit/lb_app/test_resume_provisioning.py:36: error: Function is missing a type annotation for one or more arguments  [no-untyped-def]
tests/unit/lb_app/test_resume_provisioning.py:58: error: Function is missing a type annotation  [no-untyped-def]
tests/unit/lb_app/test_resume_provisioning.py:65: error: Incompatible types in assignment (expression has type "FakeProvisioner", variable has type "ProvisioningService")  [assignment]
tests/unit/lb_app/test_resume_provisioning.py:74: error: "None" has no attribute "node_names"  [attr-defined]
tests/unit/lb_app/test_resume_provisioning.py:78: error: Function is missing a type annotation  [no-untyped-def]
tests/unit/lb_app/test_resume_provisioning.py:87: error: Incompatible types in assignment (expression has type "FakeProvisioner", variable has type "ProvisioningService")  [assignment]
tests/unit/lb_app/test_resume_provisioning.py:96: error: "None" has no attribute "node_names"  [attr-defined]
tests/unit/lb_app/test_resume_provisioning.py:99: error: Function is missing a type annotation  [no-untyped-def]
tests/unit/lb_app/test_resume_provisioning.py:105: error: Incompatible types in assignment (expression has type "FakeProvisioner", variable has type "ProvisioningService")  [assignment]
tests/unit/lb_app/test_resume_provisioning.py:116: error: Function is missing a type annotation  [no-untyped-def]
tests/unit/lb_app/test_resume_provisioning.py:122: error: Incompatible types in assignment (expression has type "FakeProvisioner", variable has type "ProvisioningService")  [assignment]
tests/unit/lb_app/test_platform_config.py:9: error: Function is missing a type annotation  [no-untyped-def]
tests/unit/lb_app/test_platform_config.py:25: error: Function is missing a return type annotation  [no-untyped-def]
tests/unit/lb_app/test_platform_config.py:25: note: Use "-> None" if function does not return a value
tests/unit/common/test_system_info.py:94: error: Function is missing a type annotation  [no-untyped-def]
tests/unit/common/test_plugin_installer.py:57: error: Function is missing a type annotation  [no-untyped-def]
tests/unit/common/test_plugin_installer.py:73: error: Function is missing a return type annotation  [no-untyped-def]
tests/unit/common/test_plugin_installer.py:94: error: Function is missing a return type annotation  [no-untyped-def]
tests/unit/common/test_plugin_installer.py:127: error: Function is missing a return type annotation  [no-untyped-def]
tests/unit/common/test_interactive_selection.py:13: error: Function is missing a type annotation  [no-untyped-def]
tests/unit/common/test_interactive_selection.py:42: error: Function is missing a type annotation  [no-untyped-def]
tests/unit/common/test_interactive_selection.py:65: error: Function is missing a type annotation  [no-untyped-def]
tests/unit/common/test_ansible_output_formatter.py:6: error: Function is missing a return type annotation  [no-untyped-def]
tests/unit/common/test_ansible_output_formatter.py:6: note: Use "-> None" if function does not return a value
tests/unit/common/test_ansible_output_formatter.py:24: error: Function is missing a return type annotation  [no-untyped-def]
tests/unit/common/test_ansible_output_formatter.py:24: note: Use "-> None" if function does not return a value
tests/unit/common/test_ansible_output_formatter.py:39: error: Function is missing a return type annotation  [no-untyped-def]
tests/unit/common/test_ansible_output_formatter.py:39: note: Use "-> None" if function does not return a value
tests/unit/common/test_ansible_output_formatter.py:59: error: Function is missing a return type annotation  [no-untyped-def]
tests/unit/common/test_ansible_output_formatter.py:59: note: Use "-> None" if function does not return a value
tests/unit/common/test_ansible_output_formatter.py:62: error: Argument 1 to "RunService" has incompatible type "Callable[[], None]"; expected "Callable[[], PluginRegistry]"  [arg-type]
tests/unit/common/test_ansible_output_formatter.py:62: error: Incompatible return value type (got "None", expected "PluginRegistry")  [return-value]
tests/unit/common/test_ansible_output_formatter.py:88: error: Function is missing a return type annotation  [no-untyped-def]
tests/unit/common/test_ansible_output_formatter.py:88: note: Use "-> None" if function does not return a value
tests/unit/common/test_ansible_output_formatter.py:94: error: Function is missing a return type annotation  [no-untyped-def]
tests/unit/common/test_ansible_output_formatter.py:94: note: Use "-> None" if function does not return a value
tests/unit/common/test_ansible_output_formatter.py:109: error: Function is missing a return type annotation  [no-untyped-def]
tests/unit/common/test_ansible_output_formatter.py:109: note: Use "-> None" if function does not return a value
tests/integration/test_resume_provisioning_docker_slow.py:34: error: Function is missing a type annotation for one or more arguments  [no-untyped-def]
tests/integration/test_resume_provisioning_docker_slow.py:37: error: Function is missing a type annotation for one or more arguments  [no-untyped-def]
tests/integration/test_resume_provisioning_docker_slow.py:66: error: Function is missing a return type annotation  [no-untyped-def]
tests/integration/test_resume_provisioning_docker_slow.py:97: error: Need type annotation for "playbook_paths" (hint: "playbook_paths: list[<type>] = ...")  [var-annotated]
tests/integration/test_resume_provisioning_docker_slow.py:101: error: Function is missing a type annotation  [no-untyped-def]
tests/integration/test_resume_provisioning_docker_slow.py:124: error: Incompatible types in assignment (expression has type "Any | dict[Any, Any]", variable has type "None")  [assignment]
tests/integration/test_resume_provisioning_docker_slow.py:132: error: Function is missing a type annotation  [no-untyped-def]
tests/integration/test_resume_provisioning_docker_slow.py:155: error: "None" has no attribute "get"  [attr-defined]
tests/integration/test_resume_provisioning.py:24: error: Function is missing a type annotation  [no-untyped-def]
tests/integration/test_resume_provisioning.py:45: error: Function is missing a type annotation for one or more arguments  [no-untyped-def]
tests/integration/test_resume_provisioning.py:48: error: Function is missing a type annotation for one or more arguments  [no-untyped-def]
tests/integration/test_resume_provisioning.py:53: error: Function is missing a type annotation  [no-untyped-def]
tests/integration/test_resume_provisioning.py:71: error: Incompatible types in assignment (expression has type "FakeProvisioner", variable has type "DockerProvisioner")  [assignment]
tests/integration/test_resume_provisioning.py:73: error: Incompatible types in assignment (expression has type "FakeProvisioner", variable has type "MultipassProvisioner")  [assignment]
tests/integration/test_resume_provisioning.py:75: error: Function is missing a type annotation  [no-untyped-def]
tests/integration/test_resume_provisioning.py:83: error: Cannot assign to a method  [method-assign]
tests/integration/test_resume_provisioning.py:97: error: Statement is unreachable  [unreachable]
tests/integration/test_cli_resume.py:15: error: Function is missing a return type annotation  [no-untyped-def]
tests/integration/test_cli_resume.py:32: error: Function is missing a return type annotation  [no-untyped-def]
tests/integration/test_cli_resume.py:55: error: Function is missing a type annotation  [no-untyped-def]
lb_ui/tui/adapters/tui_adapter.py:77: error: Argument 1 to "contextmanager" has incompatible type "Callable[[], None]"; expected "Callable[[], Iterator[Never]]"  [arg-type]
lb_ui/tui/adapters/tui_adapter.py:77: error: Yield value expected  [misc]
lb_ui/presenters/viewmodels.py:78: error: List item 0 has incompatible type "Any | None"; expected "str"  [list-item]
lb_ui/presenters/viewmodels.py:79: error: List item 1 has incompatible type "Any | None"; expected "str"  [list-item]
lb_ui/presenters/viewmodels.py:80: error: List item 2 has incompatible type "Any | None"; expected "str"  [list-item]
lb_ui/presenters/viewmodels.py:81: error: List item 3 has incompatible type "Any | None"; expected "str"  [list-item]
lb_ui/presenters/viewmodels.py:83: error: List item 5 has incompatible type "Any | None"; expected "str"  [list-item]
lb_ui/presenters/doctor.py:25: error: Function is missing a type annotation for one or more arguments  [no-untyped-def]
tests/e2e/test_multipass_ssh.py:36: error: Returning Any from function declared to return "str"  [no-any-return]
tests/e2e/test_multipass_benchmark.py:60: error: Function is missing a return type annotation  [no-untyped-def]
tests/e2e/test_multipass_benchmark.py:64: error: Function is missing a return type annotation  [no-untyped-def]
tests/e2e/test_multipass_benchmark.py:130: error: Returning Any from function declared to return "str"  [no-any-return]
tests/e2e/test_multipass_benchmark.py:195: error: Function is missing a return type annotation  [no-untyped-def]
tests/e2e/test_multipass_benchmark.py:246: error: Function is missing a type annotation  [no-untyped-def]
lb_ui/tui/system/components/dashboard_helpers.py:11: error: Name "RunStatus" already defined (possibly by an import)  [no-redef]
lb_ui/tui/system/components/dashboard_helpers.py:18: error: Cannot assign to a type  [misc]
lb_ui/tui/system/components/dashboard_helpers.py:18: error: Incompatible types in assignment (expression has type "type[Any]", variable has type "type[TaskState]")  [assignment]
lb_ui/tui/system/components/dashboard_helpers.py:19: error: Cannot assign to a type  [misc]
lb_ui/tui/system/components/dashboard_helpers.py:19: error: Incompatible types in assignment (expression has type "type[Any]", variable has type "type[RunJournal]")  [assignment]
lb_ui/tui/system/components/dashboard_helpers.py:80: error: Unsupported operand types for > ("float" and "None")  [operator]
lb_ui/tui/system/components/dashboard_helpers.py:80: note: Right operand is of type "float | None"
tests/e2e/test_multipass_single_workloads.py:109: error: Function is missing a type annotation for one or more arguments  [no-untyped-def]
tests/e2e/test_multipass_single_workloads.py:178: error: Function is missing a type annotation for one or more arguments  [no-untyped-def]
tests/e2e/test_multipass_single_workloads.py:189: error: Function is missing a type annotation for one or more arguments  [no-untyped-def]
tests/e2e/test_multipass_single_workloads.py:200: error: Function is missing a type annotation for one or more arguments  [no-untyped-def]
tests/e2e/test_multipass_single_workloads.py:221: error: Function is missing a type annotation for one or more arguments  [no-untyped-def]
tests/e2e/test_multipass_single_workloads.py:255: error: Function is missing a type annotation for one or more arguments  [no-untyped-def]
tests/e2e/test_multipass_single_workloads.py:282: error: Function is missing a type annotation for one or more arguments  [no-untyped-def]
tests/e2e/test_multipass_multi_workloads.py:24: error: Function is missing a type annotation  [no-untyped-def]
tests/e2e/test_multipass_baseline.py:95: error: Function is missing a type annotation for one or more arguments  [no-untyped-def]
tests/e2e/test_multipass_baseline.py:159: error: Function is missing a type annotation for one or more arguments  [no-untyped-def]
tests/e2e/test_dfaas_multipass_e2e.py:170: error: Returning Any from function declared to return "int"  [no-any-return]
tests/e2e/test_dfaas_multipass_e2e.py:372: error: Function is missing a type annotation  [no-untyped-def]
tests/e2e/test_dfaas_multipass_e2e.py:406: error: Function is missing a type annotation for one or more arguments  [no-untyped-def]
tests/e2e/test_dfaas_multipass_e2e.py:622: error: Function is missing a type annotation for one or more arguments  [no-untyped-def]
tests/e2e/test_dfaas_multipass_e2e.py:1460: error: Function is missing a type annotation for one or more arguments  [no-untyped-def]
tests/e2e/test_dfaas_multipass_e2e.py:1791: error: Function is missing a type annotation for one or more arguments  [no-untyped-def]
tests/e2e/test_dfaas_multipass_e2e.py:1866: error: Incompatible types in assignment (expression has type "CompletedProcess[str]", variable has type "CompletedProcess[bytes]")  [assignment]
tests/e2e/test_dfaas_multipass_e2e.py:1872: error: If x = b'abc' then f"{x}" or "{}".format(x) produces "b'abc'", not "abc". If this is desired behavior, use f"{x!r}" or "{!r}".format(x). Otherwise, decode the bytes  [str-bytes-safe]
tests/e2e/test_dfaas_multipass_e2e.py:1896: error: Incompatible types in assignment (expression has type "CompletedProcess[str]", variable has type "CompletedProcess[bytes]")  [assignment]
tests/e2e/test_dfaas_multipass_e2e.py:1908: error: Argument 1 to "split" of "bytes" has incompatible type "str"; expected "Buffer | None"  [arg-type]
tests/e2e/test_dfaas_multipass_e2e.py:1908: error: Unsupported operand types for in ("str" and "bytes")  [operator]
tests/e2e/test_dfaas_multipass_e2e.py:1920: error: Incompatible types in assignment (expression has type "str", variable has type "bytes")  [assignment]
tests/e2e/test_dfaas_multipass_e2e.py:1933: error: If x = b'abc' then f"{x}" or "{}".format(x) produces "b'abc'", not "abc". If this is desired behavior, use f"{x!r}" or "{!r}".format(x). Otherwise, decode the bytes  [str-bytes-safe]
tests/e2e/test_dfaas_multipass_e2e.py:1938: error: Function is missing a type annotation for one or more arguments  [no-untyped-def]
tests/e2e/test_dfaas_multipass_e2e.py:2014: error: Incompatible types in assignment (expression has type "CompletedProcess[str]", variable has type "CompletedProcess[bytes]")  [assignment]
tests/e2e/test_dfaas_multipass_e2e.py:2020: error: If x = b'abc' then f"{x}" or "{}".format(x) produces "b'abc'", not "abc". If this is desired behavior, use f"{x!r}" or "{!r}".format(x). Otherwise, decode the bytes  [str-bytes-safe]
tests/e2e/test_dfaas_multipass_e2e.py:2044: error: Incompatible types in assignment (expression has type "CompletedProcess[str]", variable has type "CompletedProcess[bytes]")  [assignment]
tests/e2e/test_dfaas_multipass_e2e.py:2052: error: If x = b'abc' then f"{x}" or "{}".format(x) produces "b'abc'", not "abc". If this is desired behavior, use f"{x!r}" or "{!r}".format(x). Otherwise, decode the bytes  [str-bytes-safe]
tests/e2e/test_dfaas_multipass_e2e.py:2105: error: Function is missing a type annotation for one or more arguments  [no-untyped-def]
lb_ui/tui/system/components/dashboard.py:20: error: Name "RunStatus" already defined (possibly by an import)  [no-redef]
lb_ui/tui/system/components/dashboard.py:26: error: Cannot assign to a type  [misc]
lb_ui/tui/system/components/dashboard.py:26: error: Incompatible types in assignment (expression has type "type[Any]", variable has type "type[RunJournal]")  [assignment]
lb_ui/tui/system/components/dashboard.py:65: error: Function is missing a return type annotation  [no-untyped-def]
lb_ui/wiring/dependencies.py:48: error: Function is missing a return type annotation  [no-untyped-def]
lb_ui/wiring/dependencies.py:58: error: Function is missing a return type annotation  [no-untyped-def]
lb_ui/wiring/dependencies.py:68: error: Function is missing a return type annotation  [no-untyped-def]
lb_ui/wiring/dependencies.py:78: error: Function is missing a return type annotation  [no-untyped-def]
lb_ui/wiring/dependencies.py:88: error: Function is missing a return type annotation  [no-untyped-def]
lb_ui/wiring/dependencies.py:98: error: Function is missing a return type annotation  [no-untyped-def]
lb_ui/wiring/dependencies.py:108: error: Function is missing a return type annotation  [no-untyped-def]
lb_ui/cli/commands/run.py:316: error: Function is missing a type annotation for one or more arguments  [no-untyped-def]
lb_ui/cli/commands/run.py:319: error: Function is missing a type annotation for one or more arguments  [no-untyped-def]
lb_ui/cli/commands/resume.py:23: error: Function is missing a return type annotation  [no-untyped-def]
lb_ui/cli/commands/resume.py:45: error: Returning Any from function declared to return "dict[Any, Any]"  [no-any-return]
lb_ui/cli/commands/resume.py:51: error: Statement is unreachable  [unreachable]
lb_ui/cli/commands/resume.py:443: error: Function is missing a type annotation for one or more arguments  [no-untyped-def]
lb_ui/cli/commands/resume.py:446: error: Function is missing a type annotation for one or more arguments  [no-untyped-def]
lb_ui/cli/commands/plugin.py:17: error: Function is missing a return type annotation  [no-untyped-def]
lb_ui/cli/commands/config.py:74: error: "ConfigService" has no attribute "default_target"  [attr-defined]
lb_ui/cli/main.py:33: error: Function is missing a return type annotation  [no-untyped-def]
lb_ui/cli/main.py:34: error: Function is missing a return type annotation  [no-untyped-def]
lb_ui/cli/__init__.py:10: error: Function is missing a type annotation  [no-untyped-def]
lb_ui/cli/__init__.py:32: error: Function is missing a type annotation  [no-untyped-def]
lb_ui/cli/__init__.py:52: error: "super" used outside class  [misc]
lb_ui/api.py:18: error: Function is missing a return type annotation  [no-untyped-def]
tests/unit/lb_ui/test_picker_crash.py:14: error: Function is missing a return type annotation  [no-untyped-def]
tests/unit/lb_ui/test_picker_crash.py:14: note: Use "-> None" if function does not return a value
tests/unit/lb_ui/test_picker_crash.py:17: error: Function is missing a return type annotation  [no-untyped-def]
tests/unit/lb_ui/test_picker_crash.py:17: note: Use "-> None" if function does not return a value
tests/unit/lb_ui/test_picker_crash.py:55: error: Function is missing a type annotation  [no-untyped-def]
tests/unit/lb_ui/test_headless_hierarchical_picker.py:54: error: Function is missing a return type annotation  [no-untyped-def]
tests/unit/lb_ui/test_headless_hierarchical_picker.py:54: note: Use "-> None" if function does not return a value
tests/unit/lb_ui/test_headless_hierarchical_picker.py:63: error: Function is missing a return type annotation  [no-untyped-def]
tests/unit/lb_ui/test_headless_hierarchical_picker.py:63: note: Use "-> None" if function does not return a value
tests/unit/lb_ui/test_headless_hierarchical_picker.py:72: error: Function is missing a return type annotation  [no-untyped-def]
tests/unit/lb_ui/test_headless_hierarchical_picker.py:72: note: Use "-> None" if function does not return a value
tests/unit/lb_ui/test_headless_hierarchical_picker.py:81: error: Function is missing a return type annotation  [no-untyped-def]
tests/unit/lb_ui/test_headless_hierarchical_picker.py:81: note: Use "-> None" if function does not return a value
tests/unit/lb_ui/test_headless_hierarchical_picker.py:90: error: Function is missing a return type annotation  [no-untyped-def]
tests/unit/lb_ui/test_headless_hierarchical_picker.py:90: note: Use "-> None" if function does not return a value
tests/unit/lb_ui/test_cli.py:21: error: Function is missing a return type annotation  [no-untyped-def]
tests/unit/lb_ui/test_cli.py:43: error: Function is missing a return type annotation  [no-untyped-def]
tests/unit/lb_ui/test_cli.py:95: error: Function is missing a return type annotation  [no-untyped-def]
tests/unit/lb_ui/test_cli.py:134: error: Function is missing a return type annotation  [no-untyped-def]
tests/unit/lb_ui/test_cli.py:167: error: Function is missing a return type annotation  [no-untyped-def]
tests/unit/lb_ui/test_cli.py:194: error: Function is missing a return type annotation  [no-untyped-def]
tests/unit/lb_ui/test_cli.py:218: error: Function is missing a return type annotation  [no-untyped-def]
tests/unit/lb_ui/test_cli.py:267: error: Function is missing a return type annotation  [no-untyped-def]
tests/unit/lb_ui/test_cli.py:315: error: Function is missing a return type annotation  [no-untyped-def]
tests/unit/lb_ui/test_cli.py:345: error: Function is missing a return type annotation  [no-untyped-def]
tests/unit/lb_ui/test_cli.py:417: error: Function is missing a return type annotation  [no-untyped-def]
tests/unit/lb_ui/test_cli.py:453: error: Function is missing a type annotation  [no-untyped-def]
tests/unit/lb_ui/test_cli.py:543: error: Function is missing a return type annotation  [no-untyped-def]
tests/unit/lb_ui/test_cli.py:579: error: Function is missing a type annotation  [no-untyped-def]
tests/unit/lb_ui/test_cli.py:671: error: Function is missing a return type annotation  [no-untyped-def]
tests/unit/lb_ui/test_cli.py:729: error: Function is missing a return type annotation  [no-untyped-def]
tests/unit/lb_ui/test_cli.py:774: error: Function is missing a return type annotation  [no-untyped-def]
tests/unit/lb_ui/test_cli.py:801: error: Function is missing a type annotation  [no-untyped-def]
tests/unit/lb_ui/test_cli.py:864: error: Function is missing a return type annotation  [no-untyped-def]
tests/unit/lb_ui/test_cli.py:891: error: Function is missing a type annotation  [no-untyped-def]
tests/unit/lb_ui/test_cli.py:960: error: Function is missing a return type annotation  [no-untyped-def]
tests/unit/lb_ui/test_cli.py:987: error: Function is missing a type annotation  [no-untyped-def]
tests/unit/lb_ui/test_cli.py:1053: error: Function is missing a return type annotation  [no-untyped-def]
tests/unit/lb_ui/test_cli.py:1173: error: Function is missing a return type annotation  [no-untyped-def]
tests/unit/lb_ui/test_cli.py:1191: error: Function is missing a type annotation  [no-untyped-def]
tests/unit/lb_ui/test_adapters_dashboard.py:19: error: Function is missing a return type annotation  [no-untyped-def]
tests/unit/lb_ui/test_adapters_dashboard.py:25: error: Function is missing a return type annotation  [no-untyped-def]
tests/unit/lb_ui/test_adapters_dashboard.py:25: note: Use "-> None" if function does not return a value
tests/unit/lb_ui/test_adapters_dashboard.py:40: error: Function is missing a return type annotation  [no-untyped-def]
tests/unit/lb_ui/test_adapters_dashboard.py:40: note: Use "-> None" if function does not return a value
tests/unit/lb_ui/test_adapters_dashboard.py:50: error: Function is missing a return type annotation  [no-untyped-def]
tests/unit/lb_ui/test_adapters_dashboard.py:50: note: Use "-> None" if function does not return a value
tests/unit/lb_ui/test_adapters_dashboard.py:59: error: Function is missing a return type annotation  [no-untyped-def]
tests/unit/lb_ui/test_adapters_dashboard.py:59: note: Use "-> None" if function does not return a value
tests/unit/lb_ui/test_adapters_dashboard.py:66: error: Argument 1 to "contextmanager" has incompatible type "Callable[[_RecordingDashboard], AbstractContextManager[None, bool | None]]"; expected "Callable[[_RecordingDashboard], Iterator[Never]]"  [arg-type]
tests/unit/lb_ui/test_adapters_dashboard.py:67: error: The return type of a generator function should be "Generator" or one of its supertypes  [misc]
tests/unit/lb_ui/test_adapters_dashboard.py:100: error: Function is missing a return type annotation  [no-untyped-def]
tests/unit/lb_ui/test_adapters_dashboard.py:100: note: Use "-> None" if function does not return a value
tests/unit/lb_ui/test_adapters_dashboard.py:105: error: Argument 1 to "contextmanager" has incompatible type "Callable[[_RecordingDashboard], AbstractContextManager[None, bool | None]]"; expected "Callable[[_RecordingDashboard], Iterator[Never]]"  [arg-type]
tests/unit/lb_ui/test_adapters_dashboard.py:106: error: The return type of a generator function should be "Generator" or one of its supertypes  [misc]
tests/unit/common/test_cli_run_summary.py:10: error: Function is missing a return type annotation  [no-untyped-def]
tests/unit/common/test_cli_run_summary.py:10: note: Use "-> None" if function does not return a value
tests/unit/common/test_cli_docker_status.py:8: error: Function is missing a return type annotation  [no-untyped-def]
tests/unit/common/test_cli_docker_status.py:8: note: Use "-> None" if function does not return a value
Found 839 errors in 188 files (checked 390 source files)
